#
# A fatal error has been detected by the Java Runtime Environment:
#
#  EXCEPTION_ACCESS_VIOLATION (0xc0000005) at pc=0x7b55b22b, pid=21696, tid=3960
#
# JRE version: Java(TM) SE Runtime Environment (8.0_65-b17) (build 1.8.0_65-b17)
# Java VM: Java HotSpot(TM) Client VM (25.65-b01 mixed mode, sharing windows-x86 )
# Problematic frame:
# V  [jvm.dll+0xdb22b]
#
# Failed to write core dump. Minidumps are not enabled by default on client versions of Windows
#
# If you would like to submit a bug report, please visit:
#   http://bugreport.java.com/bugreport/crash.jsp
#

---------------  T H R E A D  ---------------

Current thread (0x1647ec00):  JavaThread "AWT-EventQueue-0" [_thread_in_vm, id=3960, stack(0x17b00000,0x17b50000)]

siginfo: ExceptionCode=0xc0000005, reading address 0x00000000

Registers:
EAX=0x00000000, EBX=0x1647ed40, ECX=0x00000000, EDX=0x7b7d16b8
ESP=0x17b4d6b0, EBP=0x17b4d6f8, ESI=0x1647ec00, EDI=0x1647ec00
EIP=0x7b55b22b, EFLAGS=0x00010246

Top of Stack: (sp=0x17b4d6b0)
0x17b4d6b0:   1647ec00 17b4e4b4 00000000 7b486e24
0x17b4d6c0:   1647ec00 17b4e70c 17b4d6f8 7b5645bd
0x17b4d6d0:   1647ec00 00000006 00000004 1647ec00
0x17b4d6e0:   17b4e4b4 00000000 1647ec00 00000000
0x17b4d6f0:   000001c2 0102a962 17b4d7e8 16a1662f
0x17b4d700:   1647ed40 00000000 16482c64 15d675cc
0x17b4d710:   16a24f47 1647ec00 14a01e38 14a01e38
0x17b4d720:   15d675cc 00000009 1647ec00 00000000 

Instructions: (pc=0x7b55b22b)
0x7b55b20b:   f2 ff 83 c4 08 83 7e 04 00 89 75 f0 c7 45 f4 00
0x7b55b21b:   00 00 00 74 08 8d 4d f0 e8 18 a6 0c 00 8b 45 0c
0x7b55b22b:   8b 00 50 e8 ed 63 f6 ff 8b f8 8b 17 8b 42 3c 83
0x7b55b23b:   c4 04 56 6a 00 8b cf ff d0 83 7e 04 00 74 04 33 


Register to memory mapping:

EAX=0x00000000 is an unknown value
EBX=0x1647ed40 is an unknown value
ECX=0x00000000 is an unknown value
EDX=0x7b7d16b8 is an unknown value
ESP=0x17b4d6b0 is pointing into the stack for thread: 0x1647ec00
EBP=0x17b4d6f8 is pointing into the stack for thread: 0x1647ec00
ESI=0x1647ec00 is a thread
EDI=0x1647ec00 is a thread


Stack: [0x17b00000,0x17b50000],  sp=0x17b4d6b0,  free space=309k
Native frames: (J=compiled Java code, j=interpreted, Vv=VM code, C=native code)
V  [jvm.dll+0xdb22b]
C  [jna7629933106467886170.tmp+0x662f]
C  [jna7629933106467886170.tmp+0x78e5]
J 1669  com.sun.jna.Native.getWindowHandle0(Ljava/awt/Component;)J (0 bytes) @ 0x02a059b4 [0x02a05920+0x94]
J 63185 C1 com.sun.jna.Native.getComponentID(Ljava/awt/Component;)J (91 bytes) @ 0x029ea908 [0x029ea860+0xa8]
J 1614 C1 com.group_finity.mascot.win.WindowsTranslucentWindow.paint(Lcom/sun/jna/Pointer;I)V (275 bytes) @ 0x029f1314 [0x029f12b0+0x64]
J 1611 C1 com.group_finity.mascot.win.WindowsTranslucentWindow.paint(Ljava/awt/Graphics;)V (23 bytes) @ 0x029f0c4c [0x029f0c10+0x3c]
J 1597 C1 javax.swing.RepaintManager$4.run()Ljava/lang/Void; (278 bytes) @ 0x029ecaf4 [0x029ec820+0x2d4]
J 1596 C1 javax.swing.RepaintManager$4.run()Ljava/lang/Object; (5 bytes) @ 0x029ec560 [0x029ec540+0x20]
v  ~StubRoutines::call_stub
V  [jvm.dll+0x158985]
V  [jvm.dll+0x21df3e]
V  [jvm.dll+0x158a1e]
V  [jvm.dll+0x10934f]
C  [java.dll+0x102f]
J 1396 C1 javax.swing.RepaintManager.paintDirtyRegions(Ljava/util/Map;)V (196 bytes) @ 0x029b7ffc [0x029b7c20+0x3dc]
J 1583 C1 javax.swing.RepaintManager.paintDirtyRegions()V (50 bytes) @ 0x029e9224 [0x029e90e0+0x144]
J 1562 C1 javax.swing.RepaintManager.prePaintDirtyRegions()V (91 bytes) @ 0x029e06f4 [0x029e0530+0x1c4]
J 1642 C1 javax.swing.RepaintManager$ProcessingRunnable.run()V (41 bytes) @ 0x029f9ee4 [0x029f9db0+0x134]
J 1535 C1 java.awt.event.InvocationEvent.dispatch()V (69 bytes) @ 0x029d9e1c [0x029d9d30+0xec]
J 22596 C1 java.awt.EventQueue.dispatchEventImpl(Ljava/awt/AWTEvent;Ljava/lang/Object;)V (149 bytes) @ 0x0293c488 [0x0293bd10+0x778]
J 1489 C1 java.awt.EventQueue$3.run()Ljava/lang/Void; (60 bytes) @ 0x029cfc5c [0x029cfc00+0x5c]
J 1488 C1 java.awt.EventQueue$3.run()Ljava/lang/Object; (5 bytes) @ 0x029cf9e0 [0x029cf9c0+0x20]
v  ~StubRoutines::call_stub
V  [jvm.dll+0x158985]
V  [jvm.dll+0x21df3e]
V  [jvm.dll+0x158a1e]
V  [jvm.dll+0x10934f]
C  [java.dll+0x102f]
J 1485 C1 java.awt.EventQueue.dispatchEvent(Ljava/awt/AWTEvent;)V (80 bytes) @ 0x029ce608 [0x029ce400+0x208]
J 1385 C1 java.awt.EventDispatchThread.pumpOneEventForFilters(I)V (295 bytes) @ 0x029b4a54 [0x029b43c0+0x694]
J 2032% C1 java.awt.EventDispatchThread.pumpEventsForFilter(ILjava/awt/Conditional;Ljava/awt/EventFilter;)V (47 bytes) @ 0x02a8f73c [0x02a8f680+0xbc]
j  java.awt.EventDispatchThread.pumpEventsForHierarchy(ILjava/awt/Conditional;Ljava/awt/Component;)V+11
j  java.awt.EventDispatchThread.pumpEvents(ILjava/awt/Conditional;)V+4
j  java.awt.EventDispatchThread.pumpEvents(Ljava/awt/Conditional;)V+3
j  java.awt.EventDispatchThread.run()V+9
v  ~StubRoutines::call_stub
V  [jvm.dll+0x158985]
V  [jvm.dll+0x21df3e]
V  [jvm.dll+0x158a1e]
V  [jvm.dll+0x158ba6]
V  [jvm.dll+0x158c17]
V  [jvm.dll+0xfd45f]
V  [jvm.dll+0x17bddc]
V  [jvm.dll+0x17beca]
V  [jvm.dll+0x1c0466]
C  [msvcr100.dll+0x5c556]
C  [msvcr100.dll+0x5c600]
C  [KERNEL32.DLL+0x17ba9]
C  [ntdll.dll+0x6be3b]
C  [ntdll.dll+0x6bdbf]
C  0x00000000

Java frames: (J=compiled Java code, j=interpreted, Vv=VM code)
J 1669  com.sun.jna.Native.getWindowHandle0(Ljava/awt/Component;)J (0 bytes) @ 0x02a05970 [0x02a05920+0x50]
J 63185 C1 com.sun.jna.Native.getComponentID(Ljava/awt/Component;)J (91 bytes) @ 0x029ea908 [0x029ea860+0xa8]
J 1614 C1 com.group_finity.mascot.win.WindowsTranslucentWindow.paint(Lcom/sun/jna/Pointer;I)V (275 bytes) @ 0x029f1314 [0x029f12b0+0x64]
J 1611 C1 com.group_finity.mascot.win.WindowsTranslucentWindow.paint(Ljava/awt/Graphics;)V (23 bytes) @ 0x029f0c4c [0x029f0c10+0x3c]
J 1597 C1 javax.swing.RepaintManager$4.run()Ljava/lang/Void; (278 bytes) @ 0x029ecaf4 [0x029ec820+0x2d4]
J 1596 C1 javax.swing.RepaintManager$4.run()Ljava/lang/Object; (5 bytes) @ 0x029ec560 [0x029ec540+0x20]
v  ~StubRoutines::call_stub
J 1380  java.security.AccessController.doPrivileged(Ljava/security/PrivilegedAction;Ljava/security/AccessControlContext;)Ljava/lang/Object; (0 bytes) @ 0x029b3607 [0x029b35a0+0x67]
J 1396 C1 javax.swing.RepaintManager.paintDirtyRegions(Ljava/util/Map;)V (196 bytes) @ 0x029b7ffc [0x029b7c20+0x3dc]
J 1583 C1 javax.swing.RepaintManager.paintDirtyRegions()V (50 bytes) @ 0x029e9224 [0x029e90e0+0x144]
J 1562 C1 javax.swing.RepaintManager.prePaintDirtyRegions()V (91 bytes) @ 0x029e06f4 [0x029e0530+0x1c4]
J 1642 C1 javax.swing.RepaintManager$ProcessingRunnable.run()V (41 bytes) @ 0x029f9ee4 [0x029f9db0+0x134]
J 1535 C1 java.awt.event.InvocationEvent.dispatch()V (69 bytes) @ 0x029d9e1c [0x029d9d30+0xec]
J 22596 C1 java.awt.EventQueue.dispatchEventImpl(Ljava/awt/AWTEvent;Ljava/lang/Object;)V (149 bytes) @ 0x0293c488 [0x0293bd10+0x778]
J 1489 C1 java.awt.EventQueue$3.run()Ljava/lang/Void; (60 bytes) @ 0x029cfc5c [0x029cfc00+0x5c]
J 1488 C1 java.awt.EventQueue$3.run()Ljava/lang/Object; (5 bytes) @ 0x029cf9e0 [0x029cf9c0+0x20]
v  ~StubRoutines::call_stub
J 1380  java.security.AccessController.doPrivileged(Ljava/security/PrivilegedAction;Ljava/security/AccessControlContext;)Ljava/lang/Object; (0 bytes) @ 0x029b3607 [0x029b35a0+0x67]
J 1485 C1 java.awt.EventQueue.dispatchEvent(Ljava/awt/AWTEvent;)V (80 bytes) @ 0x029ce608 [0x029ce400+0x208]
J 1385 C1 java.awt.EventDispatchThread.pumpOneEventForFilters(I)V (295 bytes) @ 0x029b4a54 [0x029b43c0+0x694]
J 2032% C1 java.awt.EventDispatchThread.pumpEventsForFilter(ILjava/awt/Conditional;Ljava/awt/EventFilter;)V (47 bytes) @ 0x02a8f73c [0x02a8f680+0xbc]
j  java.awt.EventDispatchThread.pumpEventsForHierarchy(ILjava/awt/Conditional;Ljava/awt/Component;)V+11
j  java.awt.EventDispatchThread.pumpEvents(ILjava/awt/Conditional;)V+4
j  java.awt.EventDispatchThread.pumpEvents(Ljava/awt/Conditional;)V+3
j  java.awt.EventDispatchThread.run()V+9
v  ~StubRoutines::call_stub

---------------  P R O C E S S  ---------------

Java Threads: ( => current thread )
  0x026fd000 JavaThread "Thread-5" [_thread_in_native, id=24872, stack(0x17d90000,0x17de0000)]
  0x02718400 JavaThread "Thread-3" daemon [_thread_in_native, id=18916, stack(0x17d00000,0x17d50000)]
  0x165f8000 JavaThread "SIGTERM handler" daemon [_thread_blocked, id=19704, stack(0x17c70000,0x17cc0000)]
  0x0274bc00 JavaThread "DestroyJavaVM" [_thread_blocked, id=8952, stack(0x008e0000,0x00930000)]
  0x16643800 JavaThread "Thread-7" [_thread_in_vm, id=17748, stack(0x18720000,0x18770000)]
=>0x1647ec00 JavaThread "AWT-EventQueue-0" [_thread_in_vm, id=3960, stack(0x17b00000,0x17b50000)]
  0x15d7f800 JavaThread "Thread-4" daemon [_thread_blocked, id=13308, stack(0x16810000,0x16860000)]
  0x16439000 JavaThread "AWT-Windows" daemon [_thread_in_native, id=14696, stack(0x16130000,0x16180000)]
  0x15d89800 JavaThread "AWT-Shutdown" [_thread_blocked, id=12652, stack(0x160a0000,0x160f0000)]
  0x15d6d400 JavaThread "Java2D Disposer" daemon [_thread_blocked, id=20116, stack(0x16010000,0x16060000)]
  0x15c56000 JavaThread "Thread-1" daemon [_thread_blocked, id=6064, stack(0x15ed0000,0x15f20000)]
  0x026d6400 JavaThread "Service Thread" daemon [_thread_blocked, id=20100, stack(0x15bb0000,0x15c00000)]
  0x026d0800 JavaThread "C1 CompilerThread0" daemon [_thread_blocked, id=14716, stack(0x15590000,0x155e0000)]
  0x026cc400 JavaThread "Attach Listener" daemon [_thread_blocked, id=22600, stack(0x15500000,0x15550000)]
  0x026e9800 JavaThread "Signal Dispatcher" daemon [_thread_blocked, id=2136, stack(0x15470000,0x154c0000)]
  0x02657400 JavaThread "Finalizer" daemon [_thread_blocked, id=19220, stack(0x14960000,0x149b0000)]
  0x02656000 JavaThread "Reference Handler" daemon [_thread_blocked, id=22336, stack(0x148d0000,0x14920000)]

Other Threads:
  0x02652400 VMThread [stack: 0x14840000,0x14890000] [id=8996]
  0x15c30400 WatcherThread [stack: 0x15e40000,0x15e90000] [id=11396]

VM state:not at safepoint (normal execution)

VM Mutex/Monitor currently owned by a thread: None

Heap:
 def new generation   total 40192K, used 6423K [0x04800000, 0x07390000, 0x09d50000)
  eden space 35776K,   7% used [0x04800000, 0x04abdda8, 0x06af0000)
  from space 4416K,  81% used [0x06af0000, 0x06e781d0, 0x06f40000)
  to   space 4416K,   0% used [0x06f40000, 0x06f40000, 0x07390000)
 tenured generation   total 89152K, used 77064K [0x09d50000, 0x0f460000, 0x14800000)
   the space 89152K,  86% used [0x09d50000, 0x0e892170, 0x0e892200, 0x0f460000)
 Metaspace       used 5660K, capacity 7154K, committed 7552K, reserved 7552K

Card table byte_map: [0x04750000,0x047e0000] byte_map_base: 0x0472c000

Polling page: 0x00490000

CodeCache: size=32768Kb used=2442Kb max_used=3517Kb free=30325Kb
 bounds [0x02750000, 0x02ac0000, 0x04750000]
 total_blobs=1666 nmethods=1419 adapters=177
 compilation: enabled

Compilation events (10 events):
Event: 23811.130 Thread 0x026d0800 70579             java.lang.ThreadLocal$ThreadLocalMap::getEntry (42 bytes)
Event: 23811.130 Thread 0x026d0800 nmethod 70579 0x028dcfc8 code [0x028dd0d0, 0x028dd1bc]
Event: 23812.288 Thread 0x026d0800 70580             com.group_finity.mascot.action.ActionBase::getTime (13 bytes)
Event: 23812.288 Thread 0x026d0800 nmethod 70580 0x028f5e88 code [0x028f5f80, 0x028f6010]
Event: 23812.692 Thread 0x026d0800 70581             jdk.nashorn.internal.runtime.Context::compileScript (29 bytes)
Event: 23812.692 Thread 0x026d0800 nmethod 70581 0x029386c8 code [0x029387d0, 0x029388e8]
Event: 23813.489 Thread 0x026d0800 70582             jdk.nashorn.internal.runtime.ScriptObject::setMap (6 bytes)
Event: 23813.490 Thread 0x026d0800 nmethod 70582 0x02823608 code [0x02823700, 0x02823790]
Event: 23813.490 Thread 0x026d0800 70583             jdk.nashorn.internal.runtime.ScriptObject::<init> (41 bytes)
Event: 23813.490 Thread 0x026d0800 nmethod 70583 0x02996e08 code [0x02996f20, 0x029970a8]

GC Heap History (10 events):
Event: 23805.170 GC heap before
{Heap before GC invocations=4453 (full 73):
 def new generation   total 40192K, used 38933K [0x04800000, 0x07390000, 0x09d50000)
  eden space 35776K, 100% used [0x04800000, 0x06af0000, 0x06af0000)
  from space 4416K,  71% used [0x06f40000, 0x07255570, 0x07390000)
  to   space 4416K,   0% used [0x06af0000, 0x06af0000, 0x06f40000)
 tenured generation   total 89152K, used 76510K [0x09d50000, 0x0f460000, 0x14800000)
   the space 89152K,  85% used [0x09d50000, 0x0e807af8, 0x0e807c00, 0x0f460000)
 Metaspace       used 5638K, capacity 7149K, committed 7552K, reserved 7552K
Event: 23805.178 GC heap after
Heap after GC invocations=4454 (full 73):
 def new generation   total 40192K, used 3489K [0x04800000, 0x07390000, 0x09d50000)
  eden space 35776K,   0% used [0x04800000, 0x04800000, 0x06af0000)
  from space 4416K,  79% used [0x06af0000, 0x06e58788, 0x06f40000)
  to   space 4416K,   0% used [0x06f40000, 0x06f40000, 0x07390000)
 tenured generation   total 89152K, used 76698K [0x09d50000, 0x0f460000, 0x14800000)
   the space 89152K,  86% used [0x09d50000, 0x0e836958, 0x0e836a00, 0x0f460000)
 Metaspace       used 5638K, capacity 7149K, committed 7552K, reserved 7552K
}
Event: 23807.296 GC heap before
{Heap before GC invocations=4454 (full 73):
 def new generation   total 40192K, used 39265K [0x04800000, 0x07390000, 0x09d50000)
  eden space 35776K, 100% used [0x04800000, 0x06af0000, 0x06af0000)
  from space 4416K,  79% used [0x06af0000, 0x06e58788, 0x06f40000)
  to   space 4416K,   0% used [0x06f40000, 0x06f40000, 0x07390000)
 tenured generation   total 89152K, used 76698K [0x09d50000, 0x0f460000, 0x14800000)
   the space 89152K,  86% used [0x09d50000, 0x0e836958, 0x0e836a00, 0x0f460000)
 Metaspace       used 5639K, capacity 7154K, committed 7552K, reserved 7552K
Event: 23807.305 GC heap after
Heap after GC invocations=4455 (full 73):
 def new generation   total 40192K, used 4238K [0x04800000, 0x07390000, 0x09d50000)
  eden space 35776K,   0% used [0x04800000, 0x04800000, 0x06af0000)
  from space 4416K,  95% used [0x06f40000, 0x073639c8, 0x07390000)
  to   space 4416K,   0% used [0x06af0000, 0x06af0000, 0x06f40000)
 tenured generation   total 89152K, used 76791K [0x09d50000, 0x0f460000, 0x14800000)
   the space 89152K,  86% used [0x09d50000, 0x0e84dca8, 0x0e84de00, 0x0f460000)
 Metaspace       used 5639K, capacity 7154K, committed 7552K, reserved 7552K
}
Event: 23809.508 GC heap before
{Heap before GC invocations=4455 (full 73):
 def new generation   total 40192K, used 40014K [0x04800000, 0x07390000, 0x09d50000)
  eden space 35776K, 100% used [0x04800000, 0x06af0000, 0x06af0000)
  from space 4416K,  95% used [0x06f40000, 0x073639c8, 0x07390000)
  to   space 4416K,   0% used [0x06af0000, 0x06af0000, 0x06f40000)
 tenured generation   total 89152K, used 76791K [0x09d50000, 0x0f460000, 0x14800000)
   the space 89152K,  86% used [0x09d50000, 0x0e84dca8, 0x0e84de00, 0x0f460000)
 Metaspace       used 5639K, capacity 7154K, committed 7552K, reserved 7552K
Event: 23809.518 GC heap after
Heap after GC invocations=4456 (full 73):
 def new generation   total 40192K, used 4312K [0x04800000, 0x07390000, 0x09d50000)
  eden space 35776K,   0% used [0x04800000, 0x04800000, 0x06af0000)
  from space 4416K,  97% used [0x06af0000, 0x06f26358, 0x06f40000)
  to   space 4416K,   0% used [0x06f40000, 0x06f40000, 0x07390000)
 tenured generation   total 89152K, used 76930K [0x09d50000, 0x0f460000, 0x14800000)
   the space 89152K,  86% used [0x09d50000, 0x0e870a88, 0x0e870c00, 0x0f460000)
 Metaspace       used 5639K, capacity 7154K, committed 7552K, reserved 7552K
}
Event: 23811.693 GC heap before
{Heap before GC invocations=4456 (full 73):
 def new generation   total 40192K, used 40088K [0x04800000, 0x07390000, 0x09d50000)
  eden space 35776K, 100% used [0x04800000, 0x06af0000, 0x06af0000)
  from space 4416K,  97% used [0x06af0000, 0x06f26358, 0x06f40000)
  to   space 4416K,   0% used [0x06f40000, 0x06f40000, 0x07390000)
 tenured generation   total 89152K, used 76930K [0x09d50000, 0x0f460000, 0x14800000)
   the space 89152K,  86% used [0x09d50000, 0x0e870a88, 0x0e870c00, 0x0f460000)
 Metaspace       used 5639K, capacity 7154K, committed 7552K, reserved 7552K
Event: 23811.706 GC heap after
Heap after GC invocations=4457 (full 73):
 def new generation   total 40192K, used 4264K [0x04800000, 0x07390000, 0x09d50000)
  eden space 35776K,   0% used [0x04800000, 0x04800000, 0x06af0000)
  from space 4416K,  96% used [0x06f40000, 0x0736a380, 0x07390000)
  to   space 4416K,   0% used [0x06af0000, 0x06af0000, 0x06f40000)
 tenured generation   total 89152K, used 76976K [0x09d50000, 0x0f460000, 0x14800000)
   the space 89152K,  86% used [0x09d50000, 0x0e87c2e0, 0x0e87c400, 0x0f460000)
 Metaspace       used 5639K, capacity 7154K, committed 7552K, reserved 7552K
}
Event: 23813.505 GC heap before
{Heap before GC invocations=4457 (full 73):
 def new generation   total 40192K, used 40040K [0x04800000, 0x07390000, 0x09d50000)
  eden space 35776K, 100% used [0x04800000, 0x06af0000, 0x06af0000)
  from space 4416K,  96% used [0x06f40000, 0x0736a380, 0x07390000)
  to   space 4416K,   0% used [0x06af0000, 0x06af0000, 0x06f40000)
 tenured generation   total 89152K, used 76976K [0x09d50000, 0x0f460000, 0x14800000)
   the space 89152K,  86% used [0x09d50000, 0x0e87c2e0, 0x0e87c400, 0x0f460000)
 Metaspace       used 5639K, capacity 7154K, committed 7552K, reserved 7552K
Event: 23813.517 GC heap after
Heap after GC invocations=4458 (full 73):
 def new generation   total 40192K, used 3616K [0x04800000, 0x07390000, 0x09d50000)
  eden space 35776K,   0% used [0x04800000, 0x04800000, 0x06af0000)
  from space 4416K,  81% used [0x06af0000, 0x06e781d0, 0x06f40000)
  to   space 4416K,   0% used [0x06f40000, 0x06f40000, 0x07390000)
 tenured generation   total 89152K, used 77064K [0x09d50000, 0x0f460000, 0x14800000)
   the space 89152K,  86% used [0x09d50000, 0x0e892170, 0x0e892200, 0x0f460000)
 Metaspace       used 5639K, capacity 7154K, committed 7552K, reserved 7552K
}

Deoptimization events (0 events):
No events

Internal exceptions (10 events):
Event: 1.772 Thread 0x0274bc00 Exception <a 'java/io/FileNotFoundException'> (0x04f2c1e8) thrown at [C:\re\workspace\8-2-build-windows-i586-cygwin\jdk8u65\4987\hotspot\src\share\vm\prims\jni.cpp, line 709]
Event: 1.772 Thread 0x0274bc00 Exception <a 'java/lang/NullPointerException'> (0x04f2c7d8) thrown at [C:\re\workspace\8-2-build-windows-i586-cygwin\jdk8u65\4987\hotspot\src\share\vm\interpreter\linkResolver.cpp, line 1178]
Event: 2.190 Thread 0x0274bc00 Exception <a 'java/lang/ClassNotFoundException': jdk/nashorn/internal/runtime/ScriptFunction> (0x0533a450) thrown at [C:\re\workspace\8-2-build-windows-i586-cygwin\jdk8u65\4987\hotspot\src\share\vm\classfile\systemDictionary.cpp, line 210]
Event: 5659.492 Thread 0x16439000 Exception <a 'java/lang/UnsatisfiedLinkError'> (0x067c9bd8) thrown at [C:\re\workspace\8-2-build-windows-i586-cygwin\jdk8u65\4987\hotspot\src\share\vm\prims\jvm.cpp, line 1390]
Event: 5659.492 Thread 0x16439000 Exception <a 'java/lang/UnsatisfiedLinkError'> (0x067c9bd8) thrown at [C:\re\workspace\8-2-build-windows-i586-cygwin\jdk8u65\4987\hotspot\src\share\vm\oops\instanceKlass.cpp, line 945]
Event: 5659.492 Thread 0x16439000 Exception <a 'java/lang/UnsatisfiedLinkError'> (0x067c9bd8) thrown at [C:\re\workspace\8-2-build-windows-i586-cygwin\jdk8u65\4987\hotspot\src\share\vm\oops\instanceKlass.cpp, line 945]
Event: 5659.495 Thread 0x16439000 Exception <a 'java/lang/NoClassDefFoundError': Could not initialize class sun.font.FontScaler> (0x067ca4d8) thrown at [C:\re\workspace\8-2-build-windows-i586-cygwin\jdk8u65\4987\hotspot\src\share\vm\oops\instanceKlass.cpp, line 871]
Event: 5659.497 Thread 0x16439000 Exception <a 'java/lang/NoClassDefFoundError': Could not initialize class sun.font.FontScaler> (0x067cac70) thrown at [C:\re\workspace\8-2-build-windows-i586-cygwin\jdk8u65\4987\hotspot\src\share\vm\oops\instanceKlass.cpp, line 871]
Event: 5659.498 Thread 0x16439000 Exception <a 'java/lang/NoClassDefFoundError': Could not initialize class sun.font.FontScaler> (0x067cb5d0) thrown at [C:\re\workspace\8-2-build-windows-i586-cygwin\jdk8u65\4987\hotspot\src\share\vm\oops\instanceKlass.cpp, line 871]
Event: 5659.498 Thread 0x16439000 Exception <a 'java/lang/NoClassDefFoundError': Could not initialize class sun.font.FontScaler> (0x067cbc08) thrown at [C:\re\workspace\8-2-build-windows-i586-cygwin\jdk8u65\4987\hotspot\src\share\vm\oops\instanceKlass.cpp, line 871]

Events (10 events):
Event: 23813.629 Thread 0x026fd000 Thread added: 0x026fd000
Event: 23813.629 Thread 0x15d28c00 Thread added: 0x15d28c00
Event: 23813.629 Thread 0x15d2b000 Thread added: 0x15d2b000
Event: 23813.629 Thread 0x15d29000 Thread added: 0x15d29000
Event: 23813.632 Thread 0x15d2b000 Thread exited: 0x15d2b000
Event: 23813.633 loading class java/util/WeakHashMap$KeyIterator
Event: 23813.633 loading class java/util/WeakHashMap$KeyIterator done
Event: 23813.633 Thread 0x15d29000 Thread exited: 0x15d29000
Event: 23813.642 Thread 0x15d28c00 Thread exited: 0x15d28c00
Event: 23813.648 loading class java/lang/ProcessBuilder


Dynamic libraries:
0x004a0000 - 0x004d3000 	C:\Program Files (x86)\Java\jre1.8.0_65\bin\javaw.exe
0x778f0000 - 0x77aa1000 	C:\WINDOWS\SYSTEM32\ntdll.dll
0x76500000 - 0x765f0000 	C:\WINDOWS\System32\KERNEL32.DLL
0x75680000 - 0x758f5000 	C:\WINDOWS\System32\KERNELBASE.dll
0x77790000 - 0x7780f000 	C:\WINDOWS\System32\ADVAPI32.dll
0x75960000 - 0x75a24000 	C:\WINDOWS\System32\msvcrt.dll
0x75d10000 - 0x75d96000 	C:\WINDOWS\System32\sechost.dll
0x764e0000 - 0x764fa000 	C:\WINDOWS\System32\bcrypt.dll
0x77310000 - 0x773ca000 	C:\WINDOWS\System32\RPCRT4.dll
0x774c0000 - 0x7766a000 	C:\WINDOWS\System32\USER32.dll
0x75550000 - 0x7556a000 	C:\WINDOWS\System32\win32u.dll
0x75a30000 - 0x75a53000 	C:\WINDOWS\System32\GDI32.dll
0x773d0000 - 0x774b2000 	C:\WINDOWS\System32\gdi32full.dll
0x76020000 - 0x76099000 	C:\WINDOWS\System32\msvcp_win.dll
0x77670000 - 0x77782000 	C:\WINDOWS\System32\ucrtbase.dll
0x6b1c0000 - 0x6b3e8000 	C:\WINDOWS\WinSxS\x86_microsoft.windows.common-controls_6595b64144ccf1df_6.0.22621.3527_none_6ebb7d728803537c\COMCTL32.dll
0x75e90000 - 0x75eb5000 	C:\WINDOWS\System32\IMM32.DLL
0x74b80000 - 0x74b89000 	C:\Program Files (x86)\360\360Safe\safemon\SafeWrapper32.dll
0x6a090000 - 0x6a179000 	C:\Program Files (x86)\360\360Safe\safemon\libzdtp.dll
0x76ae0000 - 0x7717a000 	C:\WINDOWS\System32\SHELL32.dll
0x76a80000 - 0x76acb000 	C:\WINDOWS\System32\SHLWAPI.dll
0x74b40000 - 0x74b48000 	C:\WINDOWS\SYSTEM32\VERSION.dll
0x7b3c0000 - 0x7b47f000 	C:\Program Files (x86)\Java\jre1.8.0_65\bin\msvcr100.dll
0x7b480000 - 0x7b844000 	C:\Program Files (x86)\Java\jre1.8.0_65\bin\client\jvm.dll
0x76ad0000 - 0x76ad6000 	C:\WINDOWS\System32\PSAPI.DLL
0x5f9c0000 - 0x5f9c8000 	C:\WINDOWS\SYSTEM32\WSOCK32.dll
0x75900000 - 0x7595f000 	C:\WINDOWS\System32\WS2_32.dll
0x742b0000 - 0x742e1000 	C:\WINDOWS\SYSTEM32\WINMM.dll
0x65300000 - 0x6530c000 	C:\Program Files (x86)\Java\jre1.8.0_65\bin\verify.dll
0x53a60000 - 0x53a81000 	C:\Program Files (x86)\Java\jre1.8.0_65\bin\java.dll
0x53a40000 - 0x53a53000 	C:\Program Files (x86)\Java\jre1.8.0_65\bin\zip.dll
0x74e60000 - 0x7554d000 	C:\WINDOWS\SYSTEM32\windows.storage.dll
0x75a90000 - 0x75d0c000 	C:\WINDOWS\System32\combase.dll
0x74d90000 - 0x74e57000 	C:\WINDOWS\SYSTEM32\wintypes.dll
0x77810000 - 0x778d2000 	C:\WINDOWS\System32\SHCORE.dll
0x74a80000 - 0x74a99000 	C:\WINDOWS\SYSTEM32\profapi.dll
0x7b850000 - 0x7b995000 	C:\Program Files (x86)\Java\jre1.8.0_65\bin\awt.dll
0x75570000 - 0x7560c000 	C:\WINDOWS\System32\OLEAUT32.dll
0x74780000 - 0x74826000 	C:\WINDOWS\SYSTEM32\apphelp.dll
0x736d0000 - 0x736e5000 	C:\WINDOWS\SYSTEM32\CRYPTSP.dll
0x73580000 - 0x735b0000 	C:\WINDOWS\system32\rsaenh.dll
0x74740000 - 0x7475f000 	C:\WINDOWS\SYSTEM32\USERENV.dll
0x77190000 - 0x771f2000 	C:\WINDOWS\System32\bcryptprimitives.dll
0x74770000 - 0x7477b000 	C:\WINDOWS\SYSTEM32\CRYPTBASE.dll
0x52260000 - 0x52276000 	C:\Program Files (x86)\Java\jre1.8.0_65\bin\net.dll
0x722d0000 - 0x72321000 	C:\WINDOWS\system32\mswsock.dll
0x74600000 - 0x74624000 	C:\WINDOWS\SYSTEM32\IPHLPAPI.DLL
0x75a80000 - 0x75a87000 	C:\WINDOWS\System32\NSI.dll
0x73190000 - 0x731a6000 	C:\WINDOWS\SYSTEM32\dhcpcsvc6.DLL
0x74170000 - 0x74187000 	C:\WINDOWS\SYSTEM32\dhcpcsvc.DLL
0x736f0000 - 0x737ac000 	C:\WINDOWS\SYSTEM32\DNSAPI.dll
0x600a0000 - 0x600af000 	C:\Program Files (x86)\Java\jre1.8.0_65\bin\nio.dll
0x71950000 - 0x719cf000 	C:\WINDOWS\system32\uxtheme.dll
0x76980000 - 0x76a80000 	C:\WINDOWS\System32\MSCTF.dll
0x75ec0000 - 0x76015000 	C:\WINDOWS\System32\ole32.dll
0x74940000 - 0x74953000 	C:\WINDOWS\SYSTEM32\kernel.appcore.dll
0x6eb50000 - 0x6eb74000 	C:\WINDOWS\system32\DWMAPI.DLL
0x16a10000 - 0x16a63000 	C:\Users\DELL\AppData\Local\Temp\jna7629933106467886170.tmp
0x7b9a0000 - 0x7b9d9000 	C:\Program Files (x86)\Java\jre1.8.0_65\bin\fontmanager.dll
0x51850000 - 0x518f0000 	C:\WINDOWS\SYSTEM32\mscms.dll
0x7b9e0000 - 0x7ba1f000 	C:\WINDOWS\SYSTEM32\icm32.dll
0x6ad60000 - 0x6ae5b000 	C:\WINDOWS\SYSTEM32\textinputframework.dll
0x74d30000 - 0x74d84000 	C:\WINDOWS\system32\Oleacc.dll
0x718b0000 - 0x71945000 	C:\WINDOWS\SYSTEM32\TextShaping.dll
0x75e00000 - 0x75e82000 	C:\WINDOWS\System32\clbcatq.dll
0x71e60000 - 0x72036000 	C:\WINDOWS\SYSTEM32\dbghelp.dll

VM Arguments:
java_command: C:\Users\DELL\Desktop\shimeji\shimeji.jar
java_class_path (initial): C:\Users\DELL\Desktop\shimeji\shimeji.jar
Launcher Type: SUN_STANDARD

Environment Variables:
PATH=C:\ProgramData\Oracle\Java\javapath;C:\WINDOWS\system32;C:\WINDOWS;C:\WINDOWS\System32\Wbem;C:\WINDOWS\System32\WindowsPowerShell\v1.0\;C:\WINDOWS\System32\OpenSSH\;C:\Users\DELL\AppData\Local\Microsoft\WindowsApps;
USERNAME=DELL
OS=Windows_NT
PROCESSOR_IDENTIFIER=Intel64 Family 6 Model 140 Stepping 1, GenuineIntel



---------------  S Y S T E M  ---------------

OS: Windows 10.0 , 64 bit Build 22621 (10.0.22621.3527)

CPU:total 8 (4 cores per cpu, 2 threads per core) family 6 model 140 stepping 1, cmov, cx8, fxsr, mmx, sse, sse2, sse3, ssse3, sse4.1, sse4.2, popcnt, avx, avx2, aes, clmul, erms, 3dnowpref, lzcnt, ht, tsc, tscinvbit, bmi1, bmi2, adx

Memory: 4k page, physical 33282852k(20111568k free), swap 38263588k(20049108k free)

vm_info: Java HotSpot(TM) Client VM (25.65-b01) for windows-x86 JRE (1.8.0_65-b17), built on Oct  6 2015 17:26:22 by "java_re" with MS VC++ 10.0 (VS2010)

time: Mon Jun 10 00:39:12 2024
elapsed time: 23813 seconds (0d 6h 36m 53s)

