#
# A fatal error has been detected by the Java Runtime Environment:
#
#  EXCEPTION_ACCESS_VIOLATION (0xc0000005) at pc=0x66ed4ea9, pid=9092, tid=5928
#
# JRE version: Java(TM) SE Runtime Environment (8.0_65-b17) (build 1.8.0_65-b17)
# Java VM: Java HotSpot(TM) Client VM (25.65-b01 mixed mode windows-x86 )
# Problematic frame:
# V  [jvm.dll+0xd4ea9]
#
# Failed to write core dump. Minidumps are not enabled by default on client versions of Windows
#
# If you would like to submit a bug report, please visit:
#   http://bugreport.java.com/bugreport/crash.jsp
#

---------------  T H R E A D  ---------------

Current thread (0x05969000):  JavaThread "Thread-7" [_thread_in_vm, id=5928, stack(0x0a310000,0x0a360000)]

siginfo: ExceptionCode=0xc0000005, reading address 0x00000000

Registers:
EAX=0x00000000, EBX=0x0f43d501, ECX=0x00000000, EDX=0x671516b8
ESP=0x0a35ef5c, EBP=0x0a35ef68, ESI=0x05953f50, EDI=0x05969000
EIP=0x66ed4ea9, EFLAGS=0x00010206

Top of Stack: (sp=0x0a35ef5c)
0x0a35ef5c:   05969000 148675d8 0f43d5c0 0a35f1c8
0x0a35ef6c:   05c01528 05969140 05953f50 00000000
0x0a35ef7c:   05c064c4 05969140 05654b38 00000000
0x0a35ef8c:   05c01451 0a35efc4 66e06db3 05969000
0x0a35ef9c:   2551884e 00000002 05969000 00000000
0x0a35efac:   05c0141e 05969000 0a35f8cc 670bb30e
0x0a35efbc:   4877aa12 fffffffe 0a35efd4 66e06e24
0x0a35efcc:   05969000 05969000 0a35eff8 00000000 

Instructions: (pc=0x66ed4ea9)
0x66ed4e89:   0d 0a 00 33 ff eb 02 8b f9 6a 06 57 e8 c6 1f f3
0x66ed4e99:   ff 8b 75 0c 83 c4 08 b3 01 85 f6 74 39 8b 45 10
0x66ed4ea9:   8b 00 50 32 db e8 6d c7 f6 ff 83 c4 04 85 c0 74
0x66ed4eb9:   25 8b 0e 8b 49 04 8b 50 08 39 04 0a 75 04 b0 01 


Register to memory mapping:

EAX=0x00000000 is an unknown value
EBX=
[error occurred during error reporting (printing register info), id 0xc0000005]

Stack: [0x0a310000,0x0a360000],  sp=0x0a35ef5c,  free space=315k
Native frames: (J=compiled Java code, j=interpreted, Vv=VM code, C=native code)
V  [jvm.dll+0xd4ea9]
C