#
# A fatal error has been detected by the Java Runtime Environment:
#
#  EXCEPTION_ACCESS_VIOLATION (0xc0000005) at pc=0x00007ff8054ce024, pid=1620, tid=0x00000000000030d8
#
# JRE version: Java(TM) SE Runtime Environment (8.0_411) (build 1.8.0_411-b09)
# Java VM: Java HotSpot(TM) 64-Bit Server VM (25.411-b09 mixed mode windows-amd64 compressed oops)
# Problematic frame:
# V  [jvm.dll+0x15e024]
#
# Failed to write core dump. Minidumps are not enabled by default on client versions of Windows
#
# If you would like to submit a bug report, please visit:
#   http://bugreport.java.com/bugreport/crash.jsp
#

---------------  T H R E A D  ---------------

Current thread (0x000002b1bacd2000):  JavaThread "AWT-EventQueue-0" [_thread_in_vm, id=12504, stack(0x000000f180300000,0x000000f180400000)]

siginfo: ExceptionCode=0xc0000005, reading address 0x0000000000000000

Registers:
RAX=0x0000000000000000, RBX=0x0000000000000000, RCX=0x0000000000000200, RDX=0x0000000000000000
RSP=0x000000f1803fc170, RBP=0x000000f1803fc280, RSI=0x000002b1bacd2200, RDI=0x000002b1bacd2000
R8 =0x000002b1ba9f81e0, R9 =0x000002b1baaba778, R10=0x00007ff873530000, R11=0x0000000000000000
R12=0x0000000000000000, R13=0x000000071bd41408, R14=0x000000f1803fd020, R15=0x000002b1bacd2000
RIP=0x00007ff8054ce024, EFLAGS=0x0000000000010246

Top of Stack: (sp=0x000000f1803fc170)
0x000000f1803fc170:   000002b1bacd2200 00007ff80548b2f6
0x000000f1803fc180:   0000000000000010 00007ff8053f0d6c
0x000000f1803fc190:   0000000000000001 00007ff80548b439
0x000000f1803fc1a0:   0000000000000004 0000000000000009
0x000000f1803fc1b0:   000000071bd415c8 00007ff8054c01af
0x000000f1803fc1c0:   0000000000000001 000002b1bacd2000
0x000000f1803fc1d0:   0000000000000000 00000007c00007a8
0x000000f1803fc1e0:   000002b1bacd2000 00007ff8054c836f
0x000000f1803fc1f0:   000002b1bacd2200 00007ff8054c54d7
0x000000f1803fc200:   000000f1803fd020 000002b1bacd2000
0x000000f1803fc210:   0000000000000009 0000000000000000
0x000000f1803fc220:   000002b1bacd2000 000002b1bee14f60
0x000000f1803fc230:   0000000000000000 0000000000000bb6
0x000000f1803fc240:   00000000000111e0 0000000180003e35
0x000000f1803fc250:   0000000000000bb6 000002b1bee14f60
0x000000f1803fc260:   000002b1ba9f81e0 000002b1baaba778 

Instructions: (pc=0x00007ff8054ce024)
0x00007ff8054ce004:   60 00 00 00 00 74 0a 48 8d 4c 24 58 e8 db 0e 13
0x00007ff8054ce014:   00 f6 c3 01 74 0a 48 8b cb e8 2e 0f 0c 00 eb 03
0x00007ff8054ce024:   48 8b 03 48 8b c8 e8 11 2c f1 ff 48 8b d8 4c 8b
0x00007ff8054ce034:   c7 33 d2 48 8b cb 48 8b 00 ff 90 88 00 00 00 48 


Register to memory mapping:

RAX=0x0000000000000000 is an unknown value
RBX=0x0000000000000000 is an unknown value
RCX=0x0000000000000200 is an unknown value
RDX=0x0000000000000000 is an unknown value
RSP=0x000000f1803fc170 is pointing into the stack for thread: 0x000002b1bacd2000
RBP=0x000000f1803fc280 is pointing into the stack for thread: 0x000002b1bacd2000
RSI=0x000002b1bacd2200 is an unknown value
RDI=0x000002b1bacd2000 is a thread
R8 =0x000002b1ba9f81e0 is an unknown value
R9 =0x000002b1baaba778 is an unknown value
R10=0x00007ff873530000 is an unknown value
R11=0x0000000000000000 is an unknown value
R12=0x0000000000000000 is an unknown value
R13=0x000000071bd41408 is an oop
sun.java2d.SunGraphics2D 
 - klass: 'sun/java2d/SunGraphics2D'
 - ---- fields (total size 27 words):
 - public 'eargb' 'I' @12  -16777216 (ff000000)
 - public 'pixel' 'I' @16  -16777216 (ff000000)
 - public 'paintState' 'I' @20  0
 - public 'compositeState' 'I' @24  0
 - public 'strokeState' 'I' @28  0
 - public 'transformState' 'I' @32  0
 - public 'clipState' 'I' @36  1
 - public 'transX' 'I' @40  0
 - public 'transY' 'I' @44  0
 - public 'renderHint' 'I' @48  0
 - public 'antialiasHint' 'I' @52  1
 - public 'textAntialiasHint' 'I' @56  0
 - protected 'fractionalMetricsHint' 'I' @60  1
 - public 'lcdTextContrast' 'I' @64  140 (8c)
 - private 'interpolationHint' 'I' @68  -1 (ffffffff)
 - public 'strokeHint' 'I' @72  0
 - public 'interpolationType' 'I' @76  1
 - public 'constrainX' 'I' @80  0
 - public 'constrainY' 'I' @84  0
 - private final 'devScale' 'I' @88  1
 - private 'resolutionVariantHint' 'I' @92  0
 - private 'validFontInfo' 'Z' @96  false
 - public 'surfaceData' 'Lsun/java2d/SurfaceData;' @100  a 'sun/java2d/windows/GDIWindowSurfaceData' (e3df5c3c e3f116c0)
 - public 'drawpipe' 'Lsun/java2d/pipe/PixelDrawPipe;' @104  a 'sun/java2d/pipe/ValidatePipe' (e3f116c0 e3f116c0)
 - public 'fillpipe' 'Lsun/java2d/pipe/PixelFillPipe;' @108  a 'sun/java2d/pipe/ValidatePipe' (e3f116c0 e3f116c0)
 - public 'imagepipe' 'Lsun/java2d/pipe/DrawImagePipe;' @112  a 'sun/java2d/pipe/ValidatePipe' (e3f116c0 e3f116c0)
 - public 'shapepipe' 'Lsun/java2d/pipe/ShapeDrawPipe;' @116  a 'sun/java2d/pipe/ValidatePipe' (e3f116c0 e3f116c0)
 - public 'textpipe' 'Lsun/java2d/pipe/TextPipe;' @120  a 'sun/java2d/pipe/ValidatePipe' (e3f116c0 0)
 - public 'alphafill' 'Lsun/java2d/loops/MaskFill;' @124  NULL (0 0)
 - public 'loops' 'Lsun/java2d/loops/RenderLoops;' @128  NULL (0 e3d5f2aa)
 - public 'imageComp' 'Lsun/java2d/loops/CompositeType;' @132  a 'sun/java2d/loops/CompositeType' (e3d5f2aa e3df5bdc)
 - public 'foregroundColor' 'Ljava/awt/Color;' @136  a 'java/awt/Color' (e3df5bdc e3df5be0)
 - public 'backgroundColor' 'Ljava/awt/Color;' @140  a 'java/awt/Color' (e3df5be0 e37a829c)
 - public 'transform' 'Ljava/awt/geom/AffineTransform;' @144  a 'java/awt/geom/AffineTransform' (e37a829c e3df5bdc)
 - public 'paint' 'Ljava/awt/Paint;' @148  a 'java/awt/Color' (e3df5bdc b8aa696a)
 - public 'stroke' 'Ljava/awt/Stroke;' @152  a 'java/awt/BasicStroke' (b8aa696a b8aa696f)
 - public 'composite' 'Ljava/awt/Composite;' @156  a 'java/awt/AlphaComposite' (b8aa696f e3d5b86c)
 - protected 'font' 'Ljava/awt/Font;' @160  a 'java/awt/Font' (e3d5b86c 0)
 - protected 'fontMetrics' 'Ljava/awt/FontMetrics;' @164  NULL (0 0)
 - public 'hints' 'Ljava/awt/RenderingHints;' @168  NULL (0 0)
 - public 'constrainClip' 'Lsun/java2d/pipe/Region;' @172  NULL (0 e37a82a9)
 - public 'clipRegion' 'Lsun/java2d/pipe/Region;' @176  a 'sun/java2d/pipe/Region' (e37a82a9 e37a82b2)
 - public 'usrClip' 'Ljava/awt/Shape;' @180  a 'java/awt/Rectangle' (e37a82b2 e37a82a9)
 - protected 'devClip' 'Lsun/java2d/pipe/Region;' @184  a 'sun/java2d/pipe/Region' (e37a82a9 0)
 - private 'fontInfo' 'Lsun/java2d/loops/FontInfo;' @188  NULL (0 0)
 - private 'glyphVectorFontInfo' 'Lsun/java2d/loops/FontInfo;' @192  NULL (0 0)
 - private 'glyphVectorFRC' 'Ljava/awt/font/FontRenderContext;' @196  NULL (0 0)
 - 'lastCAblit' 'Lsun/java2d/loops/Blit;' @200  NULL (0 0)
 - 'lastCAcomp' 'Ljava/awt/Composite;' @204  NULL (0 0)
 - private 'cachedFRC' 'Ljava/awt/font/FontRenderContext;' @208  NULL (0 0)
R14=0x000000f1803fd020 is pointing into the stack for thread: 0x000002b1bacd2000
R15=0x000002b1bacd2000 is a thread


Stack: [0x000000f180300000,0x000000f180400000],  sp=0x000000f1803fc170,  free space=1008k
Native frames: (J=compiled Java code, j=interpreted, Vv=VM code, C=native code)
V  [jvm.dll+0x15e024]
C  [jna5544763564772330675.tmp+0x3e35]
C  [jna5544763564772330675.tmp+0x5446]
C  0x000002b196b259ab

Java frames: (J=compiled Java code, j=interpreted, Vv=VM code)
J 2981  com.sun.jna.Native.getWindowHandle0(Ljava/awt/Component;)J (0 bytes) @ 0x000002b196b25912 [0x000002b196b258c0+0x52]
J 2979 C1 com.sun.jna.Native.getComponentID(Ljava/awt/Component;)J (91 bytes) @ 0x000002b196b281f4 [0x000002b196b27840+0x9b4]
J 2977 C1 com.group_finity.mascot.win.WindowsTranslucentWindow.paint(Lcom/sun/jna/Pointer;I)V (275 bytes) @ 0x000002b196b29d2c [0x000002b196b29c20+0x10c]
J 2975 C1 com.group_finity.mascot.win.WindowsTranslucentWindow.paint(Ljava/awt/Graphics;)V (23 bytes) @ 0x000002b196b291f4 [0x000002b196b29080+0x174]
J 2917 C1 javax.swing.RepaintManager$4.run()Ljava/lang/Void; (278 bytes) @ 0x000002b196ae1cdc [0x000002b196ae1120+0xbbc]
J 2873 C1 javax.swing.RepaintManager$4.run()Ljava/lang/Object; (5 bytes) @ 0x000002b196aa934c [0x000002b196aa92c0+0x8c]
v  ~StubRoutines::call_stub
J 972  java.security.AccessController.doPrivileged(Ljava/security/PrivilegedAction;Ljava/security/AccessControlContext;)Ljava/lang/Object; (0 bytes) @ 0x000002b1965a2626 [0x000002b1965a25c0+0x66]
J 2912 C1 javax.swing.RepaintManager.paintDirtyRegions(Ljava/util/Map;)V (196 bytes) @ 0x000002b196adb98c [0x000002b196ada4c0+0x14cc]
J 2911 C1 javax.swing.RepaintManager.paintDirtyRegions()V (50 bytes) @ 0x000002b196ad1e04 [0x000002b196ad1b80+0x284]
J 2910 C1 javax.swing.RepaintManager.prePaintDirtyRegions()V (91 bytes) @ 0x000002b196addeac [0x000002b196add880+0x62c]
J 2862 C1 javax.swing.RepaintManager$ProcessingRunnable.run()V (41 bytes) @ 0x000002b196a991bc [0x000002b196a98f60+0x25c]
J 2879 C1 java.awt.event.InvocationEvent.dispatch()V (69 bytes) @ 0x000002b196aaf094 [0x000002b196aaee80+0x214]
J 2817 C1 java.awt.EventQueue.dispatchEventImpl(Ljava/awt/AWTEvent;Ljava/lang/Object;)V (149 bytes) @ 0x000002b196a7a4a4 [0x000002b196a781c0+0x22e4]
J 2815 C1 java.awt.EventQueue$3.run()Ljava/lang/Void; (60 bytes) @ 0x000002b196a765dc [0x000002b196a763c0+0x21c]
J 2814 C1 java.awt.EventQueue$3.run()Ljava/lang/Object; (5 bytes) @ 0x000002b196a6c50c [0x000002b196a6c480+0x8c]
v  ~StubRoutines::call_stub
J 972  java.security.AccessController.doPrivileged(Ljava/security/PrivilegedAction;Ljava/security/AccessControlContext;)Ljava/lang/Object; (0 bytes) @ 0x000002b1965a2626 [0x000002b1965a25c0+0x66]
J 2775 C1 java.awt.EventQueue.dispatchEvent(Ljava/awt/AWTEvent;)V (80 bytes) @ 0x000002b196a577d4 [0x000002b196a56e80+0x954]
J 2579 C1 java.awt.EventDispatchThread.pumpOneEventForFilters(I)V (190 bytes) @ 0x000002b1969d2f04 [0x000002b1969d1ee0+0x1024]
j  java.awt.EventDispatchThread.pumpEventsForFilter(ILjava/awt/Conditional;Ljava/awt/EventFilter;)V+35
j  java.awt.EventDispatchThread.pumpEventsForHierarchy(ILjava/awt/Conditional;Ljava/awt/Component;)V+11
j  java.awt.EventDispatchThread.pumpEvents(ILjava/awt/Conditional;)V+4
j  java.awt.EventDispatchThread.pumpEvents(Ljava/awt/Conditional;)V+3
j  java.awt.EventDispatchThread.run()V+9
v  ~StubRoutines::call_stub

---------------  P R O C E S S  ---------------

Java Threads: ( => current thread )
  0x000002b1b8762800 JavaThread "Thread-5" [_thread_in_native, id=12580, stack(0x000000f180c00000,0x000000f180d00000)]
  0x000002b1bde70800 JavaThread "Thread-3" daemon [_thread_in_native, id=11680, stack(0x000000f180800000,0x000000f180900000)]
  0x000002b1ba91b800 JavaThread "SIGTERM handler" daemon [_thread_blocked, id=15568, stack(0x000000f180700000,0x000000f180800000)]
  0x000002b1941eb800 JavaThread "DestroyJavaVM" [_thread_blocked, id=13704, stack(0x000000f1fea00000,0x000000f1feb00000)]
  0x000002b1baf3f000 JavaThread "Thread-7" [_thread_in_vm, id=4932, stack(0x000000f180400000,0x000000f180500000)]
=>0x000002b1bacd2000 JavaThread "AWT-EventQueue-0" [_thread_in_vm, id=12504, stack(0x000000f180300000,0x000000f180400000)]
  0x000002b1baa23000 JavaThread "Thread-4" daemon [_thread_blocked, id=19632, stack(0x000000f180200000,0x000000f180300000)]
  0x000002b1baa15000 JavaThread "AWT-Windows" daemon [_thread_in_native, id=7032, stack(0x000000f180100000,0x000000f180200000)]
  0x000002b1baa3d800 JavaThread "AWT-Shutdown" [_thread_blocked, id=15864, stack(0x000000f180000000,0x000000f180100000)]
  0x000002b1ba91a000 JavaThread "Java2D Disposer" daemon [_thread_blocked, id=1064, stack(0x000000f1fff00000,0x000000f200000000)]
  0x000002b1ba54a000 JavaThread "Thread-1" daemon [_thread_blocked, id=8728, stack(0x000000f1ffe00000,0x000000f1fff00000)]
  0x000002b1b877e800 JavaThread "Service Thread" daemon [_thread_blocked, id=18124, stack(0x000000f1ffc00000,0x000000f1ffd00000)]
  0x000002b1b8762000 JavaThread "C1 CompilerThread3" daemon [_thread_blocked, id=14868, stack(0x000000f1ffb00000,0x000000f1ffc00000)]
  0x000002b1b875d800 JavaThread "C2 CompilerThread2" daemon [_thread_blocked, id=4936, stack(0x000000f1ffa00000,0x000000f1ffb00000)]
  0x000002b1b8756000 JavaThread "C2 CompilerThread1" daemon [_thread_blocked, id=2188, stack(0x000000f1ff900000,0x000000f1ffa00000)]
  0x000002b1b8751800 JavaThread "C2 CompilerThread0" daemon [_thread_blocked, id=1912, stack(0x000000f1ff800000,0x000000f1ff900000)]
  0x000002b1b8750000 JavaThread "Attach Listener" daemon [_thread_blocked, id=7240, stack(0x000000f1ff700000,0x000000f1ff800000)]
  0x000002b1b874f000 JavaThread "Signal Dispatcher" daemon [_thread_blocked, id=20432, stack(0x000000f1ff600000,0x000000f1ff700000)]
  0x000002b1b86d8000 JavaThread "Finalizer" daemon [_thread_blocked, id=12820, stack(0x000000f1ff500000,0x000000f1ff600000)]
  0x000002b1b86ae800 JavaThread "Reference Handler" daemon [_thread_blocked, id=7500, stack(0x000000f1ff400000,0x000000f1ff500000)]

Other Threads:
  0x000002b1b86a4800 VMThread [stack: 0x000000f1ff300000,0x000000f1ff400000] [id=12316]
  0x000002b1ba4dc000 WatcherThread [stack: 0x000000f1ffd00000,0x000000f1ffe00000] [id=18468]

VM state:not at safepoint (normal execution)

VM Mutex/Monitor currently owned by a thread: None

heap address: 0x00000005c4200000, size: 8126 MB, Compressed Oops mode: Zero based, Oop shift amount: 3
Narrow klass base: 0x0000000000000000, Narrow klass shift: 3
Compressed class space size: 1073741824 Address: 0x00000007c0000000

Heap:
 PSYoungGen      total 151552K, used 111896K [0x0000000716b80000, 0x0000000721480000, 0x00000007c0000000)
  eden space 130048K, 69% used [0x0000000716b80000,0x000000071c3cd0f0,0x000000071ea80000)
  from space 21504K, 99% used [0x000000071ea80000,0x000000071ff790d0,0x000000071ff80000)
  to   space 21504K, 0% used [0x000000071ff80000,0x000000071ff80000,0x0000000721480000)
 ParOldGen       total 347136K, used 36723K [0x00000005c4200000, 0x00000005d9500000, 0x0000000716b80000)
  object space 347136K, 10% used [0x00000005c4200000,0x00000005c65dcf38,0x00000005d9500000)
 Metaspace       used 19198K, capacity 20096K, committed 20352K, reserved 1067008K
  class space    used 2259K, capacity 2619K, committed 2688K, reserved 1048576K

Card table byte_map: [0x000002b1a5530000,0x000002b1a6510000] byte_map_base: 0x000002b1a270f000

Marking Bits: (ParMarkBitMap*) 0x00007ff805ba70d0
 Begin Bits: [0x000002b1a6fb0000, 0x000002b1aeea8000)
 End Bits:   [0x000002b1aeea8000, 0x000002b1b6da0000)

Polling page: 0x000002b194400000

CodeCache: size=245760Kb used=10884Kb max_used=10890Kb free=234875Kb
 bounds [0x000002b196170000, 0x000002b196c20000, 0x000002b1a5170000]
 total_blobs=3868 nmethods=3329 adapters=450
 compilation: enabled

Compilation events (10 events):
Event: 116.141 Thread 0x000002b1b8751800 3405   !   4       sun.java2d.SunGraphics2D::validateCompClip (224 bytes)
Event: 116.143 Thread 0x000002b1b8751800 nmethod 3405 0x000002b196c14010 code [0x000002b196c14160, 0x000002b196c14458]
Event: 117.421 Thread 0x000002b1b8762000 3406       1       sun.nio.cs.ext.DoubleByte$Encoder::implReplaceWith (6 bytes)
Event: 117.421 Thread 0x000002b1b8762000 nmethod 3406 0x000002b196bf6190 code [0x000002b196bf62e0, 0x000002b196bf6418]
Event: 119.782 Thread 0x000002b1b8762000 3407  s    3       java.util.Hashtable::containsKey (65 bytes)
Event: 119.782 Thread 0x000002b1b8762000 nmethod 3407 0x000002b196c1afd0 code [0x000002b196c1b160, 0x000002b196c1b7a0]
Event: 119.782 Thread 0x000002b1b8762000 3408       3       java.util.logging.LogManager$LoggerContext::getRootLogger (8 bytes)
Event: 119.783 Thread 0x000002b1b8762000 nmethod 3408 0x000002b196c13c10 code [0x000002b196c13d60, 0x000002b196c13f78]
Event: 119.783 Thread 0x000002b1b8762000 3409       3       java.util.logging.LogManager$LoggerContext::getGlobalLogger (6 bytes)
Event: 119.783 Thread 0x000002b1b8762000 nmethod 3409 0x000002b196c1ac90 code [0x000002b196c1ade0, 0x000002b196c1af38]

GC Heap History (6 events):
Event: 0.955 GC heap before
{Heap before GC invocations=1 (full 0):
 PSYoungGen      total 151552K, used 130048K [0x0000000716b80000, 0x0000000721480000, 0x00000007c0000000)
  eden space 130048K, 100% used [0x0000000716b80000,0x000000071ea80000,0x000000071ea80000)
  from space 21504K, 0% used [0x000000071ff80000,0x000000071ff80000,0x0000000721480000)
  to   space 21504K, 0% used [0x000000071ea80000,0x000000071ea80000,0x000000071ff80000)
 ParOldGen       total 347136K, used 0K [0x00000005c4200000, 0x00000005d9500000, 0x0000000716b80000)
  object space 347136K, 0% used [0x00000005c4200000,0x00000005c4200000,0x00000005d9500000)
 Metaspace       used 9330K, capacity 9500K, committed 9600K, reserved 1058816K
  class space    used 1043K, capacity 1120K, committed 1152K, reserved 1048576K
Event: 0.961 GC heap after
Heap after GC invocations=1 (full 0):
 PSYoungGen      total 151552K, used 20993K [0x0000000716b80000, 0x0000000721480000, 0x00000007c0000000)
  eden space 130048K, 0% used [0x0000000716b80000,0x0000000716b80000,0x000000071ea80000)
  from space 21504K, 97% used [0x000000071ea80000,0x000000071ff00730,0x000000071ff80000)
  to   space 21504K, 0% used [0x000000071ff80000,0x000000071ff80000,0x0000000721480000)
 ParOldGen       total 347136K, used 80K [0x00000005c4200000, 0x00000005d9500000, 0x0000000716b80000)
  object space 347136K, 0% used [0x00000005c4200000,0x00000005c4214010,0x00000005d9500000)
 Metaspace       used 9330K, capacity 9500K, committed 9600K, reserved 1058816K
  class space    used 1043K, capacity 1120K, committed 1152K, reserved 1048576K
}
Event: 1.727 GC heap before
{Heap before GC invocations=2 (full 0):
 PSYoungGen      total 151552K, used 151041K [0x0000000716b80000, 0x0000000721480000, 0x00000007c0000000)
  eden space 130048K, 100% used [0x0000000716b80000,0x000000071ea80000,0x000000071ea80000)
  from space 21504K, 97% used [0x000000071ea80000,0x000000071ff00730,0x000000071ff80000)
  to   space 21504K, 0% used [0x000000071ff80000,0x000000071ff80000,0x0000000721480000)
 ParOldGen       total 347136K, used 80K [0x00000005c4200000, 0x00000005d9500000, 0x0000000716b80000)
  object space 347136K, 0% used [0x00000005c4200000,0x00000005c4214010,0x00000005d9500000)
 Metaspace       used 17225K, capacity 17724K, committed 18048K, reserved 1064960K
  class space    used 2073K, capacity 2323K, committed 2432K, reserved 1048576K
Event: 1.739 GC heap after
Heap after GC invocations=2 (full 0):
 PSYoungGen      total 151552K, used 21484K [0x0000000716b80000, 0x0000000729380000, 0x00000007c0000000)
  eden space 130048K, 0% used [0x0000000716b80000,0x0000000716b80000,0x000000071ea80000)
  from space 21504K, 99% used [0x000000071ff80000,0x000000072147b130,0x0000000721480000)
  to   space 21504K, 0% used [0x000000071ea80000,0x000000071ea80000,0x000000071ff80000)
 ParOldGen       total 347136K, used 19665K [0x00000005c4200000, 0x00000005d9500000, 0x0000000716b80000)
  object space 347136K, 5% used [0x00000005c4200000,0x00000005c55344e8,0x00000005d9500000)
 Metaspace       used 17225K, capacity 17724K, committed 18048K, reserved 1064960K
  class space    used 2073K, capacity 2323K, committed 2432K, reserved 1048576K
}
Event: 92.541 GC heap before
{Heap before GC invocations=3 (full 0):
 PSYoungGen      total 151552K, used 151532K [0x0000000716b80000, 0x0000000729380000, 0x00000007c0000000)
  eden space 130048K, 100% used [0x0000000716b80000,0x000000071ea80000,0x000000071ea80000)
  from space 21504K, 99% used [0x000000071ff80000,0x000000072147b130,0x0000000721480000)
  to   space 21504K, 0% used [0x000000071ea80000,0x000000071ea80000,0x000000071ff80000)
 ParOldGen       total 347136K, used 19665K [0x00000005c4200000, 0x00000005d9500000, 0x0000000716b80000)
  object space 347136K, 5% used [0x00000005c4200000,0x00000005c55344e8,0x00000005d9500000)
 Metaspace       used 18870K, capacity 19632K, committed 19840K, reserved 1067008K
  class space    used 2238K, capacity 2591K, committed 2688K, reserved 1048576K
Event: 92.563 GC heap after
Heap after GC invocations=3 (full 0):
 PSYoungGen      total 151552K, used 21476K [0x0000000716b80000, 0x0000000721480000, 0x00000007c0000000)
  eden space 130048K, 0% used [0x0000000716b80000,0x0000000716b80000,0x000000071ea80000)
  from space 21504K, 99% used [0x000000071ea80000,0x000000071ff790d0,0x000000071ff80000)
  to   space 21504K, 0% used [0x000000071ff80000,0x000000071ff80000,0x0000000721480000)
 ParOldGen       total 347136K, used 36723K [0x00000005c4200000, 0x00000005d9500000, 0x0000000716b80000)
  object space 347136K, 10% used [0x00000005c4200000,0x00000005c65dcf38,0x00000005d9500000)
 Metaspace       used 18870K, capacity 19632K, committed 19840K, reserved 1067008K
  class space    used 2238K, capacity 2591K, committed 2688K, reserved 1048576K
}

Deoptimization events (10 events):
Event: 9.644 Thread 0x000002b1baf3f000 Uncommon trap: reason=unstable_if action=reinterpret pc=0x000002b1969d0d44 method=com.group_finity.mascot.script.Script.get(Lcom/group_finity/mascot/script/VariableMap;)Ljava/lang/Object; @ 4
Event: 40.940 Thread 0x000002b1baf3f000 Uncommon trap: reason=null_check action=make_not_entrant pc=0x000002b196afa3dc method=com.sun.proxy.$Proxy0.GetForegroundWindow()Lcom/sun/jna/Pointer; @ 14
Event: 40.940 Thread 0x000002b1baf3f000 Uncommon trap: reason=null_check action=make_not_entrant pc=0x000002b196989a70 method=com.sun.proxy.$Proxy0.GetWindow(Lcom/sun/jna/Pointer;I)Lcom/sun/jna/Pointer; @ 28
Event: 97.263 Thread 0x000002b1baf3f000 Uncommon trap: reason=unstable_if action=reinterpret pc=0x000002b1969394d4 method=com.group_finity.mascot.environment.MascotEnvironment.getWorkArea()Lcom/group_finity/mascot/environment/Area; @ 4
Event: 97.313 Thread 0x000002b1bacd2000 Uncommon trap: reason=unstable_if action=reinterpret pc=0x000002b196b5e9bc method=java.awt.EventQueue.uncacheEQItem(Lsun/awt/EventQueueItem;)V @ 10
Event: 97.651 Thread 0x000002b1baf3f000 Uncommon trap: reason=unstable_if action=reinterpret pc=0x000002b1963532c0 method=java.lang.CharacterData.of(I)Ljava/lang/CharacterData; @ 4
Event: 97.653 Thread 0x000002b1baf3f000 Uncommon trap: reason=unstable_if action=reinterpret pc=0x000002b1966f1d94 method=jdk.internal.org.objectweb.asm.ByteVector.putUTF8(Ljava/lang/String;)Ljdk/internal/org/objectweb/asm/ByteVector; @ 98
Event: 97.655 Thread 0x000002b1baf3f000 Uncommon trap: reason=unstable_if action=reinterpret pc=0x000002b19632a5fc method=jdk.internal.org.objectweb.asm.ByteVector.putUTF8(Ljava/lang/String;)Ljdk/internal/org/objectweb/asm/ByteVector; @ 98
Event: 97.661 Thread 0x000002b1baf3f000 Uncommon trap: reason=unstable_if action=reinterpret pc=0x000002b196b5e1a4 method=com.group_finity.mascot.script.Script.initFrame()V @ 4
Event: 119.782 Thread 0x000002b1ba5ca800 Uncommon trap: reason=unstable_if action=reinterpret pc=0x000002b196b25e28 method=java.util.concurrent.locks.AbstractQueuedSynchronizer.release(I)Z @ 14

Classes redefined (0 events):
No events

Internal exceptions (10 events):
Event: 2.542 Thread 0x000002b1baf3f000 Implicit null exception at 0x000002b19691672c to 0x000002b1969185f5
Event: 2.701 Thread 0x000002b1baf3f000 Implicit null exception at 0x000002b19692bc67 to 0x000002b19692e54d
Event: 2.821 Thread 0x000002b1baf3f000 Implicit null exception at 0x000002b196940fd7 to 0x000002b1969438d5
Event: 2.980 Thread 0x000002b1baf3f000 Implicit null exception at 0x000002b196955fbe to 0x000002b1969588b5
Event: 4.221 Thread 0x000002b1baf3f000 Implicit null exception at 0x000002b1969850e3 to 0x000002b196986119
Event: 4.461 Thread 0x000002b1baf3f000 Implicit null exception at 0x000002b196993246 to 0x000002b196994221
Event: 40.940 Thread 0x000002b1baf3f000 Implicit null exception at 0x000002b196af9b74 to 0x000002b196afa3d1
Event: 40.940 Thread 0x000002b1baf3f000 Implicit null exception at 0x000002b196989900 to 0x000002b196989a65
Event: 97.263 Thread 0x000002b1baf3f000 Implicit null exception at 0x000002b196938d53 to 0x000002b1969394c1
Event: 119.782 Thread 0x000002b1ba5ca800 Implicit null exception at 0x000002b196b25d10 to 0x000002b196b25e15

Events (10 events):
Event: 119.791 loading class java/util/WeakHashMap$HashIterator
Event: 119.791 loading class java/util/WeakHashMap$HashIterator done
Event: 119.791 loading class java/util/WeakHashMap$KeyIterator done
Event: 119.791 Thread 0x000002b1b8765000 Thread exited: 0x000002b1b8765000
Event: 119.796 loading class java/lang/ProcessBuilder
Event: 119.797 loading class java/lang/ProcessBuilder done
Event: 119.797 loading class java/lang/ProcessImpl
Event: 119.797 loading class java/lang/Process
Event: 119.797 loading class java/lang/Process done
Event: 119.797 loading class java/lang/ProcessImpl done


Dynamic libraries:
0x00007ff7f4730000 - 0x00007ff7f477a000 	C:\Program Files\Java\jre-1.8\bin\javaw.exe
0x00007ff881eb0000 - 0x00007ff8820c7000 	C:\WINDOWS\SYSTEM32\ntdll.dll
0x00007ff880e60000 - 0x00007ff880f24000 	C:\WINDOWS\System32\KERNEL32.DLL
0x00007ff87f250000 - 0x00007ff87f5fc000 	C:\WINDOWS\System32\KERNELBASE.dll
0x00007ff87fd70000 - 0x00007ff87fe22000 	C:\WINDOWS\System32\ADVAPI32.dll
0x00007ff880db0000 - 0x00007ff880e57000 	C:\WINDOWS\System32\msvcrt.dll
0x00007ff881530000 - 0x00007ff8815da000 	C:\WINDOWS\System32\sechost.dll
0x00007ff87f890000 - 0x00007ff87f8b8000 	C:\WINDOWS\System32\bcrypt.dll
0x00007ff87ff10000 - 0x00007ff880025000 	C:\WINDOWS\System32\RPCRT4.dll
0x00007ff8810a0000 - 0x00007ff88124e000 	C:\WINDOWS\System32\USER32.dll
0x00007ff87f600000 - 0x00007ff87f626000 	C:\WINDOWS\System32\win32u.dll
0x00007ff881060000 - 0x00007ff881089000 	C:\WINDOWS\System32\GDI32.dll
0x00007ff87f630000 - 0x00007ff87f749000 	C:\WINDOWS\System32\gdi32full.dll
0x00007ff87fa30000 - 0x00007ff87faca000 	C:\WINDOWS\System32\msvcp_win.dll
0x00007ff87fad0000 - 0x00007ff87fbe1000 	C:\WINDOWS\System32\ucrtbase.dll
0x00007ff86b460000 - 0x00007ff86b6f3000 	C:\WINDOWS\WinSxS\amd64_microsoft.windows.common-controls_6595b64144ccf1df_6.0.22621.3672_none_2713b9d173822955\COMCTL32.dll
0x00007ff881e30000 - 0x00007ff881e61000 	C:\WINDOWS\System32\IMM32.DLL
0x0000000072d80000 - 0x0000000072d8d000 	C:\Program Files (x86)\360\360Safe\safemon\SafeWrapper.dll
0x00007ff866d40000 - 0x00007ff866e43000 	C:\Program Files (x86)\360\360Safe\safemon\libzdtp64.dll
0x00007ff880540000 - 0x00007ff880d9c000 	C:\WINDOWS\System32\SHELL32.dll
0x00007ff881dd0000 - 0x00007ff881e2e000 	C:\WINDOWS\System32\SHLWAPI.dll
0x00007ff87ed40000 - 0x00007ff87ed4a000 	C:\WINDOWS\SYSTEM32\VERSION.dll
0x00007ff873530000 - 0x00007ff87354b000 	C:\Program Files\Java\jre-1.8\bin\vcruntime140.dll
0x00007ff87a040000 - 0x00007ff87a04c000 	C:\Program Files\Java\jre-1.8\bin\vcruntime140_1.dll
0x00007ff8532f0000 - 0x00007ff85337e000 	C:\Program Files\Java\jre-1.8\bin\msvcp140.dll
0x00007ff805370000 - 0x00007ff805c21000 	C:\Program Files\Java\jre-1.8\bin\server\jvm.dll
0x00007ff881090000 - 0x00007ff881098000 	C:\WINDOWS\System32\PSAPI.DLL
0x00007ff873520000 - 0x00007ff873529000 	C:\WINDOWS\SYSTEM32\WSOCK32.dll
0x00007ff8748b0000 - 0x00007ff8748e4000 	C:\WINDOWS\SYSTEM32\WINMM.dll
0x00007ff881450000 - 0x00007ff8814c1000 	C:\WINDOWS\System32\WS2_32.dll
0x00007ff87e170000 - 0x00007ff87e188000 	C:\WINDOWS\SYSTEM32\kernel.appcore.dll
0x00007ff873510000 - 0x00007ff873520000 	C:\Program Files\Java\jre-1.8\bin\verify.dll
0x00007ff853930000 - 0x00007ff85395b000 	C:\Program Files\Java\jre-1.8\bin\java.dll
0x00007ff8734f0000 - 0x00007ff873508000 	C:\Program Files\Java\jre-1.8\bin\zip.dll
0x00007ff87d070000 - 0x00007ff87d967000 	C:\WINDOWS\SYSTEM32\windows.storage.dll
0x00007ff880030000 - 0x00007ff8803b8000 	C:\WINDOWS\System32\combase.dll
0x00007ff87cf30000 - 0x00007ff87d06f000 	C:\WINDOWS\SYSTEM32\wintypes.dll
0x00007ff880f50000 - 0x00007ff881044000 	C:\WINDOWS\System32\SHCORE.dll
0x00007ff87f110000 - 0x00007ff87f131000 	C:\WINDOWS\SYSTEM32\profapi.dll
0x00007ff8265f0000 - 0x00007ff82676f000 	C:\Program Files\Java\jre-1.8\bin\awt.dll
0x00007ff87fe30000 - 0x00007ff87ff07000 	C:\WINDOWS\System32\OLEAUT32.dll
0x00007ff87bf80000 - 0x00007ff87c017000 	C:\WINDOWS\SYSTEM32\apphelp.dll
0x00007ff87e870000 - 0x00007ff87e88b000 	C:\WINDOWS\SYSTEM32\CRYPTSP.dll
0x00007ff87e0d0000 - 0x00007ff87e105000 	C:\WINDOWS\system32\rsaenh.dll
0x00007ff87e710000 - 0x00007ff87e738000 	C:\WINDOWS\SYSTEM32\USERENV.dll
0x00007ff87f810000 - 0x00007ff87f88b000 	C:\WINDOWS\System32\bcryptprimitives.dll
0x00007ff87e890000 - 0x00007ff87e89c000 	C:\WINDOWS\SYSTEM32\CRYPTBASE.dll
0x00007ff853910000 - 0x00007ff85392c000 	C:\Program Files\Java\jre-1.8\bin\net.dll
0x00007ff87e5f0000 - 0x00007ff87e659000 	C:\WINDOWS\system32\mswsock.dll
0x00007ff87dbc0000 - 0x00007ff87dbed000 	C:\WINDOWS\SYSTEM32\IPHLPAPI.DLL
0x00007ff881250000 - 0x00007ff881259000 	C:\WINDOWS\System32\NSI.dll
0x00007ff878550000 - 0x00007ff878569000 	C:\WINDOWS\SYSTEM32\dhcpcsvc6.DLL
0x00007ff878530000 - 0x00007ff87854f000 	C:\WINDOWS\SYSTEM32\dhcpcsvc.DLL
0x00007ff87dbf0000 - 0x00007ff87dce8000 	C:\WINDOWS\SYSTEM32\DNSAPI.dll
0x00007ff8532d0000 - 0x00007ff8532e3000 	C:\Program Files\Java\jre-1.8\bin\nio.dll
0x00007ff87c1f0000 - 0x00007ff87c29a000 	C:\WINDOWS\system32\uxtheme.dll
0x00007ff87fbf0000 - 0x00007ff87fd43000 	C:\WINDOWS\System32\MSCTF.dll
0x00007ff881c20000 - 0x00007ff881dc5000 	C:\WINDOWS\System32\ole32.dll
0x00007ff87c420000 - 0x00007ff87c44b000 	C:\WINDOWS\system32\DWMAPI.DLL
0x00007ff8712e0000 - 0x00007ff8713e0000 	C:\WINDOWS\system32\opengl32.dll
0x00007ff8721b0000 - 0x00007ff8721dd000 	C:\WINDOWS\SYSTEM32\GLU32.dll
0x00007ff87c2d0000 - 0x00007ff87c309000 	C:\WINDOWS\SYSTEM32\dxcore.dll
0x0000000180000000 - 0x0000000180032000 	C:\Users\DELL\AppData\Local\Temp\jna5544763564772330675.tmp
0x00007ff844600000 - 0x00007ff84464f000 	C:\Program Files\Java\jre-1.8\bin\fontmanager.dll
0x00007ff8773d0000 - 0x00007ff87748c000 	C:\WINDOWS\SYSTEM32\mscms.dll
0x00007ff8445b0000 - 0x00007ff8445f9000 	C:\WINDOWS\SYSTEM32\icm32.dll
0x00007ff87c700000 - 0x00007ff87c932000 	C:\WINDOWS\SYSTEM32\dbghelp.dll

VM Arguments:
java_command: C:\Users\DELL\Desktop\shimeji\shimeji.jar
java_class_path (initial): C:\Users\DELL\Desktop\shimeji\shimeji.jar
Launcher Type: SUN_STANDARD

Environment Variables:
PATH=C:\Program Files (x86)\Common Files\Oracle\Java\java8path;C:\Program Files (x86)\Common Files\Oracle\Java\javapath;C:\ProgramData\Oracle\Java\javapath;C:\WINDOWS\system32;C:\WINDOWS;C:\WINDOWS\System32\Wbem;C:\WINDOWS\System32\WindowsPowerShell\v1.0\;C:\WINDOWS\System32\OpenSSH\;C:\Users\DELL\AppData\Local\Microsoft\WindowsApps;
USERNAME=DELL
OS=Windows_NT
PROCESSOR_IDENTIFIER=Intel64 Family 6 Model 140 Stepping 1, GenuineIntel



---------------  S Y S T E M  ---------------

OS: Windows 11 , 64 bit Build 22621 (10.0.22621.3672)

CPU:total 8 (initial active 8) (4 cores per cpu, 2 threads per core) family 6 model 140 stepping 1, cmov, cx8, fxsr, mmx, sse, sse2, sse3, ssse3, sse4.1, sse4.2, popcnt, avx, avx2, aes, clmul, erms, 3dnowpref, lzcnt, ht, tsc, tscinvbit, bmi1, bmi2, adx

Memory: 4k page, physical 33282852k(22793712k free), swap 38263588k(24672332k free)

vm_info: Java HotSpot(TM) 64-Bit Server VM (25.411-b09) for windows-amd64 JRE (1.8.0_411-b09), built on Mar 13 2024 07:26:13 by "java_re" with MS VC++ 17.1 (VS2022)

time: Fri Jun 14 17:09:35 2024
timezone: Intel64 Family 6 Model 140 Stepping 1, GenuineIntel
elapsed time: 119.884426 seconds (0d 0h 1m 59s)

