#
# A fatal error has been detected by the Java Runtime Environment:
#
#  EXCEPTION_ACCESS_VIOLATION (0xc0000005) at pc=0x66fd4ea9, pid=4380, tid=5344
#
# JRE version: Java(TM) SE Runtime Environment (8.0_65-b17) (build 1.8.0_65-b17)
# Java VM: Java HotSpot(TM) Client VM (25.65-b01 mixed mode windows-x86 )
# Problematic frame:
# V  [jvm.dll+0xd4ea9]
#
# Failed to write core dump. Minidumps are not enabled by default on client versions of Windows
#
# If you would like to submit a bug report, please visit:
#   http://bugreport.java.com/bugreport/crash.jsp
#

---------------  T H R E A D  ---------------

Current thread (0x05a2f000):  JavaThread "Thread-7" [_thread_in_vm, id=5344, stack(0x0ae90000,0x0aee0000)]

siginfo: ExceptionCode=0xc0000005, reading address 0x00000000

Registers:
EAX=0x00000000, EBX=0x148b5b01, ECX=0x00000000, EDX=0x672516b8
ESP=0x0aeded5c, EBP=0x0aeded68, ESI=0x05a127e0, EDI=0x05a2f000
EIP=0x66fd4ea9, EFLAGS=0x00010202

Top of Stack: (sp=0x0aeded5c)
0x0aeded5c:   05a2f000 0fe1f768 148b5b50 0aedefb8
0x0aeded6c:   05131528 05a2f140 05a127e0 00000000
0x0aeded7c:   05a2f000 0aededb4 66f06db3 00000000
0x0aeded8c:   05131451 00000001 05a2f000 148b5b50
0x0aeded9c:   0aeded8c 05a2f000 0aedf69c 00000000
0x0aededac:   0513141e fffffffe 0aededc4 66f06e24
0x0aededbc:   05a2f000 05a2f000 0aedede8 00000000
0x0aededcc:   051313eb 00000006 00000004 05a2f000 

Instructions: (pc=0x66fd4ea9)
0x66fd4e89:   0d 0a 00 33 ff eb 02 8b f9 6a 06 57 e8 c6 1f f3
0x66fd4e99:   ff 8b 75 0c 83 c4 08 b3 01 85 f6 74 39 8b 45 10
0x66fd4ea9:   8b 00 50 32 db e8 6d c7 f6 ff 83 c4 04 85 c0 74
0x66fd4eb9:   25 8b 0e 8b 49 04 8b 50 08 39 04 0a 75 04 b0 01 


Register to memory mapping:

EAX=0x00000000 is an unknown value
EBX=0x148b5b01 is pointing into object: 0x148b5af0
com.sun.jna.Function 
 - klass: 'com/sun/jna/Function'
ECX=0x00000000 is an unknown value
EDX=0x672516b8 is an unknown value
ESP=0x0aeded5c is pointing into the stack for thread: 0x05a2f000
EBP=0x0aeded68 is pointing into the stack for thread: 0x05a2f000
ESI=0x05a127e0 is an unknown value
EDI=0x05a2f000 is a thread


Stack: [0x0ae90000,0x0aee0000],  sp=0x0aeded5c,  free space=315k
Native frames: (J=compiled Java code, j=interpreted, Vv=VM code, C=native code)
V  [jvm.dll+0xd4ea9]
C  [jna45617993467320330.tmp+0x1528]
C  [jna45617993467320330.tmp+0x2881]
J 1088  com.sun.jna.Function.invokeInt(I[Ljava/lang/Object;)I (0 bytes) @ 0x028976ed [0x02897650+0x9d]
J 1075 C1 com.sun.jna.Function.invoke([Ljava/lang/Object;Ljava/lang/Class;Z)Ljava/lang/Object; (1141 bytes) @ 0x0294a178 [0x029488e0+0x1898]
J 232 C1 com.sun.jna.Function.invoke(Ljava/lang/Class;[Ljava/lang/Object;Ljava/util/Map;)Ljava/lang/Object; (572 bytes) @ 0x028258b8 [0x02825430+0x488]
J 1074 C1 com.sun.jna.Library$Handler.invoke(Ljava/lang/Object;Ljava/lang/reflect/Method;[Ljava/lang/Object;)Ljava/lang/Object; (348 bytes) @ 0x02946b0c [0x02946300+0x80c]
J 3877 C1 com.sun.proxy.$Proxy0.IsWindow(Lcom/sun/jna/Pointer;)I (39 bytes) @ 0x02890854 [0x02890730+0x124]
J 1112 C1 com.group_finity.mascot.win.WindowsEnvironment.findActiveIE()Lcom/sun/jna/Pointer; (113 bytes) @ 0x028ec31c [0x028ec2a0+0x7c]
J 1698 C1 com.group_finity.mascot.win.WindowsEnvironment.getActiveIERect()Ljava/awt/Rectangle; (114 bytes) @ 0x029e4610 [0x029e4600+0x10]
J 1696 C1 com.group_finity.mascot.win.WindowsEnvironment.tick()V (72 bytes) @ 0x029e3ba4 [0x029e3b00+0xa4]
J 1376 C1 com.group_finity.mascot.Manager.tick()V (230 bytes) @ 0x0298a9f4 [0x0298a9c0+0x34]
J 1325% C1 com.group_finity.mascot.Manager$2.run()V (70 bytes) @ 0x0297c9f0 [0x0297c8f0+0x100]
v  ~StubRoutines::call_stub
V  [jvm.dll+0x158985]
V  [jvm.dll+0x21df3e]
V  [jvm.dll+0x158a1e]
V  [jvm.dll+0x158ba6]
V  [jvm.dll+0x158c17]
V  [jvm.dll+0xfd45f]
V  [jvm.dll+0x17bddc]
V  [jvm.dll+0x17beca]
V  [jvm.dll+0x1c0466]
C  [msvcr100.dll+0x5c556]
C  [msvcr100.dll+0x5c600]
C  [kernel32.dll+0x13677]
C  [ntdll.dll+0x39f42]
C  [ntdll.dll+0x39f15]
C  0x00000000

Java frames: (J=compiled Java code, j=interpreted, Vv=VM code)
J 1088  com.sun.jna.Function.invokeInt(I[Ljava/lang/Object;)I (0 bytes) @ 0x028976a9 [0x02897650+0x59]
J 1075 C1 com.sun.jna.Function.invoke([Ljava/lang/Object;Ljava/lang/Class;Z)Ljava/lang/Object; (1141 bytes) @ 0x0294a178 [0x029488e0+0x1898]
J 232 C1 com.sun.jna.Function.invoke(Ljava/lang/Class;[Ljava/lang/Object;Ljava/util/Map;)Ljava/lang/Object; (572 bytes) @ 0x028258b8 [0x02825430+0x488]
J 1074 C1 com.sun.jna.Library$Handler.invoke(Ljava/lang/Object;Ljava/lang/reflect/Method;[Ljava/lang/Object;)Ljava/lang/Object; (348 bytes) @ 0x02946b0c [0x02946300+0x80c]
J 3877 C1 com.sun.proxy.$Proxy0.IsWindow(Lcom/sun/jna/Pointer;)I (39 bytes) @ 0x02890854 [0x02890730+0x124]
J 1112 C1 com.group_finity.mascot.win.WindowsEnvironment.findActiveIE()Lcom/sun/jna/Pointer; (113 bytes) @ 0x028ec31c [0x028ec2a0+0x7c]
J 1698 C1 com.group_finity.mascot.win.WindowsEnvironment.getActiveIERect()Ljava/awt/Rectangle; (114 bytes) @ 0x029e4610 [0x029e4600+0x10]
J 1696 C1 com.group_finity.mascot.win.WindowsEnvironment.tick()V (72 bytes) @ 0x029e3ba4 [0x029e3b00+0xa4]
J 1376 C1 com.group_finity.mascot.Manager.tick()V (230 bytes) @ 0x0298a9f4 [0x0298a9c0+0x34]
J 1325% C1 com.group_finity.mascot.Manager$2.run()V (70 bytes) @ 0x0297c9f0 [0x0297c8f0+0x100]
v  ~StubRoutines::call_stub

---------------  P R O C E S S  ---------------

Java Threads: ( => current thread )
  0x0585d000 JavaThread "Thread-3" daemon [_thread_in_native, id=7576, stack(0x0c040000,0x0c090000)]
  0x04cae400 JavaThread "Thread-5" [_thread_in_native, id=5004, stack(0x0b070000,0x0b0c0000)]
  0x0570d000 JavaThread "SIGTERM handler" daemon [_thread_blocked, id=5000, stack(0x0bd10000,0x0bd60000)]
  0x0271bc00 JavaThread "DestroyJavaVM" [_thread_blocked, id=4436, stack(0x004d0000,0x00520000)]
=>0x05a2f000 JavaThread "Thread-7" [_thread_in_vm, id=5344, stack(0x0ae90000,0x0aee0000)]
  0x0577f400 JavaThread "AWT-EventQueue-0" [_thread_blocked, id=5604, stack(0x09ec0000,0x09f10000)]
  0x05853800 JavaThread "AWT-Shutdown" [_thread_blocked, id=5580, stack(0x09c80000,0x09cd0000)]
  0x05802800 JavaThread "Thread-4" daemon [_thread_blocked, id=4656, stack(0x08c40000,0x08c90000)]
  0x057fc000 JavaThread "AWT-Windows" daemon [_thread_in_native, id=3312, stack(0x060a0000,0x060f0000)]
  0x04cc7800 JavaThread "Java2D Disposer" daemon [_thread_blocked, id=4612, stack(0x05d40000,0x05d90000)]
  0x04d01400 JavaThread "Thread-1" daemon [_thread_blocked, id=4896, stack(0x05670000,0x056c0000)]
  0x04ca0c00 JavaThread "Service Thread" daemon [_thread_blocked, id=4680, stack(0x054d0000,0x05520000)]
  0x04c78c00 JavaThread "C1 CompilerThread0" daemon [_thread_blocked, id=4676, stack(0x05280000,0x052d0000)]
  0x04c77400 JavaThread "Attach Listener" daemon [_thread_blocked, id=4672, stack(0x05380000,0x053d0000)]
  0x04c5e800 JavaThread "Signal Dispatcher" daemon [_thread_blocked, id=4668, stack(0x05220000,0x05270000)]
  0x04c34c00 JavaThread "Finalizer" daemon [_thread_blocked, id=4604, stack(0x05190000,0x051e0000)]
  0x04c30000 JavaThread "Reference Handler" daemon [_thread_blocked, id=4600, stack(0x050e0000,0x05130000)]

Other Threads:
  0x04c29400 VMThread [stack: 0x04f30000,0x04f80000] [id=4588]
  0x04cf2400 WatcherThread [stack: 0x055b0000,0x05600000] [id=4692]

VM state:not at safepoint (normal execution)

VM Mutex/Monitor currently owned by a thread: None

Heap:
 def new generation   total 36224K, used 15686K [0x0f200000, 0x11940000, 0x14750000)
  eden space 32256K,  40% used [0x0f200000, 0x0fea53d0, 0x11180000)
  from space 3968K,  68% used [0x11180000, 0x1142c5a0, 0x11560000)
  to   space 3968K,   0% used [0x11560000, 0x11560000, 0x11940000)
 tenured generation   total 80316K, used 48248K [0x14750000, 0x195bf000, 0x1f200000)
   the space 80316K,  60% used [0x14750000, 0x1766e310, 0x1766e400, 0x195bf000)
 Metaspace       used 10983K, capacity 11988K, committed 12160K, reserved 12672K

Card table byte_map: [0x04720000,0x047b0000] byte_map_base: 0x046a7000

Polling page: 0x000c0000

CodeCache: size=32768Kb used=2190Kb max_used=3267Kb free=30577Kb
 bounds [0x02720000, 0x02a58000, 0x04720000]
 total_blobs=1448 nmethods=1199 adapters=178
 compilation: enabled

Compilation events (10 events):
Event: 4684.800 Thread 0x04c78c00 5742             java.lang.invoke.MethodHandles::filterArguments (66 bytes)
Event: 4684.801 Thread 0x04c78c00 nmethod 5742 0x028f1308 code [0x028f1420, 0x028f1598]
Event: 4684.802 Thread 0x04c78c00 5743             jdk.internal.org.objectweb.asm.Item::set (143 bytes)
Event: 4684.802 Thread 0x04c78c00 nmethod 5743 0x028f0d48 code [0x028f0e90, 0x028f10a8]
Event: 4686.937 Thread 0x04c78c00 5744             com.group_finity.mascot.script.VariableMap::initFrame (42 bytes)
Event: 4686.937 Thread 0x04c78c00 nmethod 5744 0x0290fd08 code [0x0290fe50, 0x0290ff8c]
Event: 4692.581 Thread 0x04c78c00 5745   !         sun.awt.AppContext::get (123 bytes)
Event: 4692.582 Thread 0x04c78c00 nmethod 5745 0x02883788 code [0x028838a0, 0x02883c7c]
Event: 4717.129 Thread 0x04c78c00 5746   !         sun.awt.AWTAutoShutdown::setToolkitBusy (124 bytes)
Event: 4717.130 Thread 0x04c78c00 nmethod 5746 0x028a6d48 code [0x028a6e90, 0x028a72fc]

GC Heap History (10 events):
Event: 4599.552 GC heap before
{Heap before GC invocations=268 (full 10):
 def new generation   total 35712K, used 35712K [0x0f200000, 0x118b0000, 0x14750000)
  eden space 31808K, 100% used [0x0f200000, 0x11110000, 0x11110000)
  from space 3904K, 100% used [0x114e0000, 0x118b0000, 0x118b0000)
  to   space 3904K,   0% used [0x11110000, 0x11110000, 0x114e0000)
 tenured generation   total 79092K, used 68830K [0x14750000, 0x1948d000, 0x1f200000)
   the space 79092K,  87% used [0x14750000, 0x18a87888, 0x18a87a00, 0x1948d000)
 Metaspace       used 11046K, capacity 12093K, committed 12160K, reserved 12672K
Event: 4599.652 GC heap after
Heap after GC invocations=269 (full 10):
 def new generation   total 35712K, used 3904K [0x0f200000, 0x118b0000, 0x14750000)
  eden space 31808K,   0% used [0x0f200000, 0x0f200000, 0x11110000)
  from space 3904K, 100% used [0x11110000, 0x114e0000, 0x114e0000)
  to   space 3904K,   0% used [0x114e0000, 0x114e0000, 0x118b0000)
 tenured generation   total 79092K, used 73432K [0x14750000, 0x1948d000, 0x1f200000)
   the space 79092K,  92% used [0x14750000, 0x18f06268, 0x18f06400, 0x1948d000)
 Metaspace       used 11046K, capacity 12093K, committed 12160K, reserved 12672K
}
Event: 4636.814 GC heap before
{Heap before GC invocations=269 (full 10):
 def new generation   total 35712K, used 35712K [0x0f200000, 0x118b0000, 0x14750000)
  eden space 31808K, 100% used [0x0f200000, 0x11110000, 0x11110000)
  from space 3904K, 100% used [0x11110000, 0x114e0000, 0x114e0000)
  to   space 3904K,   0% used [0x114e0000, 0x114e0000, 0x118b0000)
 tenured generation   total 79092K, used 73432K [0x14750000, 0x1948d000, 0x1f200000)
   the space 79092K,  92% used [0x14750000, 0x18f06268, 0x18f06400, 0x1948d000)
 Metaspace       used 11046K, capacity 12093K, committed 12160K, reserved 12672K
Event: 4636.871 GC heap after
Heap after GC invocations=270 (full 10):
 def new generation   total 35712K, used 3904K [0x0f200000, 0x118b0000, 0x14750000)
  eden space 31808K,   0% used [0x0f200000, 0x0f200000, 0x11110000)
  from space 3904K, 100% used [0x114e0000, 0x118b0000, 0x118b0000)
  to   space 3904K,   0% used [0x11110000, 0x11110000, 0x114e0000)
 tenured generation   total 79092K, used 77596K [0x14750000, 0x1948d000, 0x1f200000)
   the space 79092K,  98% used [0x14750000, 0x193172d8, 0x19317400, 0x1948d000)
 Metaspace       used 11046K, capacity 12093K, committed 12160K, reserved 12672K
}
Event: 4672.458 GC heap before
{Heap before GC invocations=270 (full 10):
 def new generation   total 35712K, used 35712K [0x0f200000, 0x118b0000, 0x14750000)
  eden space 31808K, 100% used [0x0f200000, 0x11110000, 0x11110000)
  from space 3904K, 100% used [0x114e0000, 0x118b0000, 0x118b0000)
  to   space 3904K,   0% used [0x11110000, 0x11110000, 0x114e0000)
 tenured generation   total 79092K, used 77596K [0x14750000, 0x1948d000, 0x1f200000)
   the space 79092K,  98% used [0x14750000, 0x193172d8, 0x19317400, 0x1948d000)
 Metaspace       used 11046K, capacity 12093K, committed 12160K, reserved 12672K
Event: 4672.527 GC heap after
Heap after GC invocations=271 (full 11):
 def new generation   total 36224K, used 0K [0x0f200000, 0x11940000, 0x14750000)
  eden space 32256K,   0% used [0x0f200000, 0x0f200000, 0x11180000)
  from space 3968K,   0% used [0x11180000, 0x11180000, 0x11560000)
  to   space 3968K,   0% used [0x11560000, 0x11560000, 0x11940000)
 tenured generation   total 80316K, used 48187K [0x14750000, 0x195bf000, 0x1f200000)
   the space 80316K,  59% used [0x14750000, 0x1765ef48, 0x1765f000, 0x195bf000)
 Metaspace       used 10968K, capacity 11925K, committed 12160K, reserved 12672K
}
Event: 4693.661 GC heap before
{Heap before GC invocations=271 (full 11):
 def new generation   total 36224K, used 32256K [0x0f200000, 0x11940000, 0x14750000)
  eden space 32256K, 100% used [0x0f200000, 0x11180000, 0x11180000)
  from space 3968K,   0% used [0x11180000, 0x11180000, 0x11560000)
  to   space 3968K,   0% used [0x11560000, 0x11560000, 0x11940000)
 tenured generation   total 80316K, used 48187K [0x14750000, 0x195bf000, 0x1f200000)
   the space 80316K,  59% used [0x14750000, 0x1765ef48, 0x1765f000, 0x195bf000)
 Metaspace       used 10980K, capacity 11956K, committed 12160K, reserved 12672K
Event: 4693.671 GC heap after
Heap after GC invocations=272 (full 11):
 def new generation   total 36224K, used 3338K [0x0f200000, 0x11940000, 0x14750000)
  eden space 32256K,   0% used [0x0f200000, 0x0f200000, 0x11180000)
  from space 3968K,  84% used [0x11560000, 0x118a2948, 0x11940000)
  to   space 3968K,   0% used [0x11180000, 0x11180000, 0x11560000)
 tenured generation   total 80316K, used 48187K [0x14750000, 0x195bf000, 0x1f200000)
   the space 80316K,  59% used [0x14750000, 0x1765ef48, 0x1765f000, 0x195bf000)
 Metaspace       used 10980K, capacity 11956K, committed 12160K, reserved 12672K
}
Event: 4712.351 GC heap before
{Heap before GC invocations=272 (full 11):
 def new generation   total 36224K, used 35594K [0x0f200000, 0x11940000, 0x14750000)
  eden space 32256K, 100% used [0x0f200000, 0x11180000, 0x11180000)
  from space 3968K,  84% used [0x11560000, 0x118a2948, 0x11940000)
  to   space 3968K,   0% used [0x11180000, 0x11180000, 0x11560000)
 tenured generation   total 80316K, used 48187K [0x14750000, 0x195bf000, 0x1f200000)
   the space 80316K,  59% used [0x14750000, 0x1765ef48, 0x1765f000, 0x195bf000)
 Metaspace       used 10980K, capacity 11956K, committed 12160K, reserved 12672K
Event: 4712.360 GC heap after
Heap after GC invocations=273 (full 11):
 def new generation   total 36224K, used 2737K [0x0f200000, 0x11940000, 0x14750000)
  eden space 32256K,   0% used [0x0f200000, 0x0f200000, 0x11180000)
  from space 3968K,  68% used [0x11180000, 0x1142c5a0, 0x11560000)
  to   space 3968K,   0% used [0x11560000, 0x11560000, 0x11940000)
 tenured generation   total 80316K, used 48248K [0x14750000, 0x195bf000, 0x1f200000)
   the space 80316K,  60% used [0x14750000, 0x1766e310, 0x1766e400, 0x195bf000)
 Metaspace       used 10980K, capacity 11956K, committed 12160K, reserved 12672K
}

